SF:lib/app/app_config.dart
DA:14,0
DA:16,0
DA:27,0
LF:3
LH:0
end_of_record
SF:lib/app/app_context_ext.dart
DA:8,0
DA:10,0
DA:12,0
DA:13,0
DA:15,0
DA:16,0
LF:6
LH:0
end_of_record
SF:lib/app/app_env_type.dart
DA:15,0
DA:16,0
LF:2
LH:0
end_of_record
SF:lib/app/app_providers_wrapper.dart
DA:21,0
DA:30,0
DA:32,0
DA:33,0
DA:36,0
DA:37,0
DA:38,0
DA:39,0
DA:40,0
DA:41,0
DA:42,0
DA:44,0
DA:45,0
DA:47,0
DA:48,0
DA:49,0
DA:50,0
DA:52,0
DA:53,0
DA:55,0
DA:56,0
DA:58,0
DA:59,0
DA:61,0
DA:62,0
DA:64,0
DA:65,0
DA:67,0
DA:68,0
DA:70,0
DA:71,0
DA:73,0
DA:74,0
DA:75,0
DA:78,0
DA:79,0
DA:80,0
DA:81,0
DA:83,0
DA:84,0
DA:86,0
DA:93,0
DA:100,0
DA:104,0
DA:106,0
DA:107,0
DA:108,0
DA:109,0
DA:110,0
DA:112,0
DA:113,0
DA:114,0
DA:117,0
DA:118,0
DA:119,0
DA:120,0
DA:121,0
DA:124,0
DA:125,0
DA:126,0
DA:129,0
DA:131,0
DA:132,0
DA:133,0
DA:134,0
DA:135,0
DA:136,0
DA:137,0
DA:141,0
DA:147,0
DA:151,0
DA:153,0
DA:155,0
DA:156,0
DA:157,0
DA:158,0
DA:159,0
DA:160,0
DA:161,0
DA:164,0
DA:165,0
DA:166,0
DA:167,0
DA:168,0
DA:169,0
DA:172,0
LF:86
LH:0
end_of_record
SF:lib/app/exceptions.dart
DA:2,14
DA:21,9
DA:22,9
LF:3
LH:3
end_of_record
SF:lib/app/locnet_app.dart
DA:17,0
DA:21,0
DA:22,0
DA:28,0
DA:30,0
DA:31,0
DA:34,0
DA:36,0
DA:37,0
DA:38,0
DA:39,0
DA:40,0
DA:41,0
DA:42,0
DA:44,0
DA:45,0
DA:46,0
DA:47,0
DA:48,0
DA:49,0
DA:53,0
DA:55,0
DA:58,0
DA:61,0
DA:63,0
DA:64,0
DA:65,0
DA:67,0
DA:68,0
DA:69,0
DA:72,0
DA:81,0
DA:82,0
DA:83,0
DA:89,0
DA:93,0
DA:95,0
DA:100,0
DA:102,0
DA:103,0
DA:108,0
DA:112,0
DA:114,0
DA:115,0
DA:118,0
DA:123,0
DA:132,0
DA:133,0
DA:134,0
DA:137,0
LF:50
LH:0
end_of_record
SF:lib/app/env_build_presets/dev_env_preset.dart
DA:17,0
DA:26,0
DA:28,0
DA:37,0
DA:39,0
DA:40,0
DA:44,0
DA:46,0
DA:47,0
DA:51,0
DA:53,0
DA:56,0
DA:58,0
DA:61,0
DA:63,0
DA:66,0
DA:68,0
DA:71,0
DA:73,0
DA:76,0
DA:78,0
DA:81,0
DA:83,0
DA:86,0
DA:88,0
DA:89,0
DA:93,0
DA:95,0
DA:96,0
DA:100,0
DA:105,0
DA:107,0
LF:32
LH:0
end_of_record
SF:lib/app/env_build_presets/i_env_preset.dart
DA:39,0
DA:40,0
DA:41,0
DA:42,0
DA:43,0
DA:44,0
DA:45,0
DA:46,0
DA:47,0
LF:9
LH:0
end_of_record
SF:lib/app/env_build_presets/prod_env_preset.dart
DA:16,0
DA:18,0
DA:19,0
DA:20,0
DA:26,0
DA:28,0
DA:29,0
DA:33,0
DA:35,0
DA:36,0
DA:40,0
DA:42,0
DA:43,0
DA:47,0
DA:50,0
DA:53,0
DA:56,0
DA:59,0
DA:62,0
DA:65,0
DA:68,0
DA:71,0
DA:74,0
DA:77,0
DA:80,0
DA:83,0
DA:86,0
DA:89,0
DA:91,0
DA:92,0
DA:96,0
DA:98,0
DA:99,0
DA:103,0
DA:108,0
DA:110,0
LF:36
LH:0
end_of_record
SF:lib/app/env_build_presets/stage_env_preset.dart
DA:16,0
DA:18,0
DA:19,0
DA:20,0
DA:26,0
DA:28,0
DA:31,0
DA:33,0
DA:34,0
DA:38,0
DA:40,0
DA:41,0
DA:45,0
DA:48,0
DA:51,0
DA:54,0
DA:57,0
DA:60,0
DA:63,0
DA:66,0
DA:69,0
DA:72,0
DA:75,0
DA:78,0
DA:81,0
DA:84,0
DA:87,0
DA:89,0
DA:90,0
DA:94,0
DA:96,0
DA:97,0
DA:101,0
DA:106,0
DA:108,0
LF:35
LH:0
end_of_record
SF:lib/features/error/error_screen.dart
DA:7,0
DA:27,0
DA:30,0
DA:41,0
DA:42,0
DA:47,0
DA:48,0
DA:58,0
DA:60,0
DA:63,0
DA:64,0
DA:65,0
DA:67,0
DA:68,0
DA:71,0
DA:79,0
DA:80,0
DA:81,0
DA:82,0
DA:88,0
DA:89,0
DA:92,0
DA:104,0
DA:105,0
DA:108,0
DA:109,0
DA:110,0
DA:111,0
DA:120,0
DA:122,0
DA:125,0
DA:126,0
DA:145,5
DA:150,0
DA:159,0
DA:161,0
DA:163,0
DA:164,0
DA:173,0
DA:175,0
DA:176,0
DA:186,0
DA:187,0
DA:189,0
DA:190,0
DA:191,0
DA:200,0
DA:201,0
DA:221,0
DA:233,0
DA:234,0
DA:242,0
DA:244,0
DA:245,0
DA:246,0
DA:249,0
DA:253,0
DA:255,0
DA:256,0
DA:259,0
DA:260,0
DA:261,0
DA:262,0
DA:263,0
DA:265,0
DA:270,0
DA:272,0
DA:273,0
DA:275,0
DA:276,0
DA:285,0
DA:286,0
DA:287,0
DA:288,0
DA:290,0
DA:292,0
DA:293,0
DA:294,0
DA:295,0
DA:298,0
DA:299,0
DA:300,0
DA:308,0
DA:309,0
DA:310,0
DA:311,0
DA:325,0
DA:326,0
DA:330,0
DA:331,0
DA:334,0
DA:336,0
DA:338,0
LF:93
LH:1
end_of_record
SF:lib/features/splash/splash_screen.dart
DA:5,5
DA:7,0
DA:9,0
LF:3
LH:1
end_of_record
SF:lib/core/data/api/api_config.dart
DA:2,0
LF:1
LH:0
end_of_record
SF:lib/core/data/clients/http_client/dio_http_client.dart
DA:7,0
DA:14,0
DA:19,0
DA:20,0
DA:23,0
DA:30,0
DA:39,0
DA:47,0
DA:57,0
DA:65,0
DA:75,0
DA:82,0
DA:91,0
DA:99,0
DA:106,0
DA:114,0
DA:115,0
DA:117,0
DA:118,0
DA:120,0
DA:121,0
DA:123,0
DA:124,0
DA:127,0
DA:130,0
DA:132,0
DA:133,0
DA:135,0
DA:139,0
DA:140,0
DA:141,0
DA:142,0
DA:146,0
DA:147,0
DA:148,0
DA:155,0
DA:156,0
DA:157,0
DA:158,0
DA:159,0
DA:165,0
DA:166,0
DA:167,0
DA:168,0
DA:174,0
DA:182,0
DA:188,0
DA:191,0
DA:192,0
DA:196,0
DA:199,0
DA:200,0
DA:204,0
DA:207,0
DA:208,0
DA:214,0
DA:215,0
DA:216,0
DA:221,0
DA:222,0
DA:223,0
DA:229,0
DA:230,0
DA:231,0
DA:232,0
DA:233,0
DA:241,0
DA:250,0
DA:251,0
DA:252,0
DA:253,0
DA:258,0
DA:259,0
DA:260,0
LF:74
LH:0
end_of_record
SF:lib/core/data/clients/interceptors/accept_language_interceptor.dart
DA:6,0
DA:15,0
DA:21,0
DA:22,0
DA:23,0
DA:24,0
DA:25,0
DA:27,0
DA:31,0
LF:9
LH:0
end_of_record
SF:lib/core/data/clients/interceptors/jwt_interceptor.dart
DA:6,0
DA:15,0
DA:20,0
DA:21,0
DA:26,0
DA:27,0
DA:28,0
DA:30,0
DA:33,0
DA:36,0
DA:39,0
DA:40,0
DA:41,0
DA:42,0
LF:14
LH:0
end_of_record
SF:lib/core/data/clients/web_socket_client/io_web_socket_client.dart
DA:7,0
DA:14,0
DA:25,0
DA:26,0
DA:28,0
DA:29,0
DA:32,0
DA:33,0
DA:36,0
DA:37,0
DA:38,0
DA:39,0
DA:42,0
DA:44,0
DA:45,0
DA:46,0
DA:47,0
DA:52,0
DA:53,0
DA:55,0
DA:56,0
DA:62,0
DA:64,0
DA:69,0
DA:72,0
DA:73,0
DA:75,0
DA:81,0
DA:84,0
DA:85,0
DA:89,0
DA:90,0
DA:91,0
DA:96,0
DA:97,0
DA:98,0
LF:36
LH:0
end_of_record
SF:lib/core/data/clients/web_socket_client/mock_web_socket_client.dart
DA:8,0
DA:9,0
DA:15,0
DA:16,0
DA:18,0
DA:19,0
DA:21,0
DA:23,0
DA:24,0
DA:29,0
DA:31,0
DA:33,0
DA:35,0
DA:36,0
DA:37,0
DA:39,0
DA:45,0
DA:47,0
DA:49,0
DA:52,0
DA:56,0
DA:58,0
DA:59,0
DA:60,0
DA:64,0
DA:65,0
DA:68,0
DA:72,0
DA:73,0
DA:75,0
DA:76,0
DA:78,0
DA:79,0
DA:80,0
DA:82,0
DA:83,0
LF:36
LH:0
end_of_record
SF:lib/core/data/models/banned_user.dart
DA:6,0
DA:24,0
DA:25,0
DA:26,0
DA:27,0
DA:28,0
DA:31,0
DA:32,0
DA:33,0
DA:34,0
DA:35,0
DA:36,0
DA:37,0
DA:38,0
DA:42,0
DA:43,0
DA:44,0
DA:45,0
DA:46,0
DA:47,0
DA:48,0
DA:49,0
DA:52,0
DA:61,0
DA:62,0
DA:63,0
DA:64,0
DA:65,0
DA:66,0
DA:67,0
DA:68,0
DA:72,0
DA:73,0
DA:74,0
DA:75,0
DA:76,0
DA:77,0
DA:78,0
DA:79,0
DA:80,0
LF:40
LH:0
end_of_record
SF:lib/core/data/models/exceptions.dart
DA:4,6
DA:13,6
DA:22,2
DA:32,2
DA:42,2
DA:52,2
DA:61,0
DA:70,1
DA:79,0
LF:9
LH:7
end_of_record
SF:lib/core/data/models/role.dart
DA:11,0
DA:12,0
DA:14,0
DA:15,0
DA:16,0
LF:5
LH:0
end_of_record
SF:lib/core/data/models/user.dart
DA:6,0
DA:34,0
DA:35,0
DA:37,0
DA:38,0
DA:39,0
DA:41,0
DA:42,0
DA:43,0
DA:44,0
DA:45,0
DA:46,0
DA:47,0
DA:48,0
DA:49,0
DA:50,0
DA:51,0
DA:52,0
DA:53,0
DA:57,0
DA:58,0
DA:59,0
DA:60,0
DA:61,0
DA:62,0
DA:63,0
DA:64,0
DA:65,0
DA:66,0
DA:67,0
DA:68,0
DA:69,0
DA:72,0
DA:86,0
DA:87,0
DA:88,0
DA:89,0
DA:90,0
DA:91,0
DA:92,0
DA:93,0
DA:94,0
DA:95,0
DA:96,0
DA:97,0
DA:98,0
DA:102,0
DA:103,0
DA:104,0
DA:105,0
DA:106,0
DA:107,0
DA:108,0
DA:109,0
DA:110,0
DA:111,0
DA:112,0
DA:113,0
DA:114,0
DA:115,0
LF:60
LH:0
end_of_record
SF:lib/core/data/repositories/user_cache_repo/local_user_cache_repo.dart
DA:7,1
DA:12,1
DA:15,1
DA:16,1
DA:18,3
DA:19,1
DA:21,1
DA:22,0
DA:23,0
DA:27,1
DA:28,1
DA:34,1
DA:35,1
DA:42,1
DA:45,3
DA:47,1
DA:48,1
DA:50,1
DA:51,1
DA:55,1
DA:56,1
DA:58,1
DA:60,1
DA:61,1
DA:63,1
DA:64,1
DA:65,2
DA:69,1
DA:70,1
DA:76,1
DA:77,1
DA:84,1
DA:87,3
DA:88,1
DA:90,1
DA:91,1
DA:97,1
DA:98,1
DA:105,1
DA:106,1
DA:110,1
DA:112,1
DA:113,1
DA:117,1
DA:118,1
DA:119,2
DA:120,2
DA:121,2
DA:122,2
DA:123,2
DA:124,2
DA:125,2
DA:126,2
DA:127,2
DA:128,2
DA:131,1
DA:132,1
DA:134,2
DA:136,1
DA:140,1
DA:141,1
DA:143,2
DA:144,2
DA:147,1
DA:148,1
DA:149,2
DA:152,1
DA:153,1
DA:154,1
DA:157,1
DA:158,1
DA:159,2
DA:162,1
DA:163,1
DA:164,1
DA:165,1
DA:166,1
DA:167,1
DA:168,1
DA:173,1
DA:175,1
DA:176,1
DA:177,1
DA:178,1
LF:84
LH:82
end_of_record
SF:lib/core/data/repositories/user_repo/mock_user_repo.dart
DA:5,0
DA:10,0
DA:12,0
DA:15,0
DA:17,0
DA:18,0
DA:21,0
DA:23,0
LF:8
LH:0
end_of_record
SF:lib/core/data/storage/key_value_storage/secure_storage.dart
DA:6,1
DA:11,1
DA:13,1
DA:15,1
DA:16,1
DA:18,2
DA:19,1
DA:20,1
DA:25,2
DA:27,1
DA:29,1
DA:30,1
DA:31,1
DA:36,1
DA:38,1
DA:45,1
DA:47,1
DA:49,1
DA:50,1
DA:51,1
DA:52,1
DA:53,1
DA:58,2
DA:60,1
DA:62,1
DA:63,1
DA:64,1
DA:69,1
DA:71,1
DA:78,1
DA:80,1
DA:83,2
DA:85,1
DA:86,1
DA:87,1
DA:92,1
DA:94,1
DA:101,1
DA:104,2
DA:106,1
DA:107,1
DA:113,1
DA:114,1
DA:121,1
DA:122,2
DA:123,1
DA:125,1
DA:126,1
LF:48
LH:48
end_of_record
SF:lib/core/data/storage/key_value_storage/local_key_value_storage.dart
DA:6,1
DA:11,1
DA:13,1
DA:16,1
DA:17,1
DA:18,1
DA:19,1
DA:20,1
DA:23,1
DA:24,2
DA:25,1
DA:26,1
DA:31,1
DA:32,2
DA:34,1
DA:35,2
DA:37,1
DA:38,2
DA:40,1
DA:41,2
DA:43,2
DA:44,1
DA:46,1
DA:47,1
DA:48,1
DA:53,1
DA:54,1
DA:61,1
DA:63,1
DA:66,2
DA:72,1
DA:76,1
DA:77,1
DA:78,1
DA:79,1
DA:80,2
DA:82,1
DA:84,1
DA:86,1
DA:87,1
DA:88,1
DA:93,1
DA:94,1
DA:101,1
DA:103,1
DA:106,2
DA:107,1
DA:108,1
DA:109,1
DA:114,1
DA:115,1
DA:122,1
DA:125,2
DA:126,1
DA:127,1
DA:133,1
DA:134,1
DA:141,1
DA:142,2
DA:143,1
DA:145,1
DA:146,1
LF:62
LH:62
end_of_record
SF:lib/core/data/storage/storage_aggregator.dart
DA:4,0
DA:12,0
DA:13,0
LF:3
LH:0
end_of_record
SF:lib/core/domain/interactors/user_interactor.dart
DA:4,0
DA:16,0
DA:17,0
DA:18,0
DA:21,0
DA:22,0
LF:6
LH:0
end_of_record
SF:lib/core/domain/models/banned_user.dart
DA:8,0
DA:27,0
DA:28,0
DA:31,0
DA:32,0
DA:33,0
DA:34,0
DA:35,0
DA:36,0
DA:37,0
DA:38,0
DA:39,0
DA:44,0
DA:45,0
DA:46,0
DA:47,0
DA:48,0
DA:49,0
DA:50,0
DA:51,0
DA:52,0
DA:56,0
DA:65,0
DA:66,0
DA:67,0
DA:68,0
DA:69,0
DA:70,0
DA:71,0
DA:72,0
DA:76,0
DA:77,0
DA:78,0
DA:79,0
DA:80,0
DA:81,0
DA:82,0
DA:83,0
DA:84,0
LF:39
LH:0
end_of_record
SF:lib/core/domain/models/enums.dart
DA:10,0
DA:11,0
DA:13,0
DA:14,0
DA:15,0
LF:5
LH:0
end_of_record
SF:lib/core/domain/models/exceptions.dart
DA:4,7
DA:8,2
DA:16,3
DA:24,3
LF:4
LH:4
end_of_record
SF:lib/core/domain/models/user.dart
DA:7,4
DA:35,0
DA:36,0
DA:38,0
DA:40,0
DA:41,0
DA:42,0
DA:43,0
DA:44,0
DA:45,0
DA:46,0
DA:47,0
DA:48,0
DA:49,0
DA:50,0
DA:51,0
DA:52,0
DA:53,0
DA:57,1
DA:58,1
DA:59,1
DA:60,1
DA:61,1
DA:62,1
DA:63,1
DA:64,1
DA:65,1
DA:66,1
DA:67,1
DA:68,1
DA:69,2
DA:70,2
DA:74,2
DA:75,1
DA:76,1
DA:77,1
DA:78,1
DA:79,1
DA:80,1
DA:81,1
DA:82,1
DA:83,1
DA:84,1
DA:85,2
DA:86,2
DA:89,1
DA:103,1
DA:104,1
DA:105,1
DA:106,0
DA:107,0
DA:108,1
DA:109,1
DA:110,1
DA:111,1
DA:112,1
DA:113,1
DA:114,1
DA:115,1
DA:119,2
DA:120,2
DA:121,2
DA:122,2
DA:123,2
DA:124,2
DA:125,2
DA:126,2
DA:127,2
DA:128,2
DA:129,2
DA:130,2
DA:131,2
DA:132,2
LF:73
LH:54
end_of_record
SF:lib/core/domain/utils/profile_data_extractor.dart
DA:4,1
DA:5,2
DA:6,2
DA:8,2
DA:9,1
DA:10,1
DA:11,1
DA:14,1
DA:15,1
DA:18,2
DA:19,1
DA:20,1
DA:26,1
DA:27,2
DA:28,2
DA:29,2
DA:31,2
DA:35,1
DA:36,1
DA:39,4
DA:42,1
DA:46,4
DA:49,1
DA:50,1
DA:53,2
LF:25
LH:25
end_of_record
SF:lib/core/domain/utils/profile_data_validator.dart
DA:4,2
DA:5,2
DA:6,2
DA:7,2
DA:13,2
DA:14,2
DA:15,2
DA:16,2
DA:22,2
DA:23,4
DA:24,2
LF:11
LH:11
end_of_record
SF:lib/core/presentation/components/bottom_sheet_dragger.dart
DA:5,0
DA:7,0
DA:9,0
DA:11,0
DA:14,0
DA:15,0
DA:16,0
LF:7
LH:0
end_of_record
SF:lib/core/presentation/components/info_widget.dart
DA:7,0
DA:22,0
DA:25,0
DA:26,0
DA:30,0
DA:31,0
DA:33,0
DA:34,0
DA:35,0
DA:39,0
DA:40,0
DA:42,0
DA:44,0
DA:45,0
DA:46,0
DA:48,0
DA:49,0
DA:52,0
DA:53,0
DA:57,0
DA:58,0
DA:61,0
DA:63,0
DA:64,0
DA:65,0
DA:70,0
DA:71,0
DA:74,0
DA:75,0
DA:78,0
LF:30
LH:0
end_of_record
SF:lib/core/presentation/modals/app_modal_card.dart
DA:5,0
DA:18,0
DA:20,0
DA:22,0
DA:23,0
DA:24,0
DA:25,0
DA:26,0
DA:27,0
DA:29,0
DA:30,0
DA:31,0
DA:32,0
DA:33,0
DA:34,0
DA:35,0
DA:37,0
LF:17
LH:0
end_of_record
SF:lib/core/presentation/navigation/router.dart
DA:12,0
DA:14,0
DA:15,0
DA:17,0
DA:22,0
DA:24,0
DA:28,0
DA:29,0
DA:30,0
DA:32,0
DA:34,0
DA:40,0
DA:43,0
DA:45,0
DA:52,0
DA:53,0
DA:54,0
DA:55,0
DA:60,0
DA:61,0
DA:62,0
DA:63,0
DA:64,0
DA:65,0
DA:66,0
DA:77,0
DA:78,0
DA:81,0
DA:85,0
DA:88,0
DA:95,0
DA:98,0
DA:105,0
DA:106,0
DA:111,0
DA:113,0
DA:114,0
DA:117,0
DA:123,0
DA:125,0
DA:126,0
DA:128,0
DA:129,0
DA:132,0
DA:134,0
DA:136,0
DA:140,0
DA:141,0
DA:144,0
DA:146,0
DA:148,0
DA:158,0
DA:161,0
DA:172,0
DA:175,0
DA:177,0
DA:179,0
DA:180,0
DA:187,0
DA:189,0
DA:197,0
DA:202,0
DA:208,0
DA:212,0
DA:214,0
DA:215,0
DA:216,0
DA:221,0
DA:224,0
DA:225,0
DA:226,0
DA:227,0
LF:72
LH:0
end_of_record
SF:lib/core/presentation/navigation/routes.dart
DA:10,0
DA:11,0
LF:2
LH:0
end_of_record
SF:lib/core/presentation/navigation/transitions.dart
DA:3,0
DA:9,0
DA:15,0
DA:18,0
DA:22,0
DA:24,0
LF:6
LH:0
end_of_record
SF:lib/features/root/root_screen.dart
DA:8,0
DA:12,0
DA:14,0
DA:15,0
DA:16,0
DA:17,0
DA:18,0
DA:19,0
DA:21,0
DA:22,0
DA:23,0
DA:24,0
DA:27,0
LF:13
LH:0
end_of_record
SF:lib/core/presentation/utils/app_exceptions_translator.dart
DA:7,0
DA:8,0
DA:10,0
DA:11,0
DA:14,0
DA:15,0
DA:16,0
DA:17,0
DA:18,0
DA:19,0
DA:22,0
DA:23,0
DA:26,0
DA:27,0
DA:28,0
DA:29,0
DA:30,0
DA:33,0
DA:38,0
DA:41,0
DA:43,0
DA:44,0
DA:46,0
LF:23
LH:0
end_of_record
SF:lib/gen/l10n/l10n.dart
DA:16,0
DA:20,0
DA:22,0
DA:30,0
DA:31,0
DA:32,0
DA:33,0
DA:34,0
DA:35,0
DA:36,0
DA:37,0
DA:44,0
DA:45,0
DA:47,0
DA:53,0
DA:54,0
DA:58,0
DA:59,0
DA:63,0
DA:64,0
DA:68,0
DA:69,0
DA:73,0
DA:74,0
DA:78,0
DA:79,0
DA:83,0
DA:84,0
DA:88,0
DA:89,0
DA:93,0
DA:94,0
DA:98,0
DA:99,0
DA:103,0
DA:104,0
DA:108,0
DA:109,0
DA:113,0
DA:114,0
DA:118,0
DA:119,0
DA:123,0
DA:124,0
DA:128,0
DA:129,0
DA:133,0
DA:134,0
DA:138,0
DA:139,0
DA:143,0
DA:148,0
DA:149,0
DA:153,0
DA:154,0
DA:158,0
DA:159,0
DA:163,0
DA:168,0
DA:169,0
DA:173,0
DA:174,0
DA:178,0
DA:183,0
DA:184,0
DA:188,0
DA:193,0
DA:194,0
DA:198,0
DA:203,0
DA:204,0
DA:208,0
DA:213,0
DA:214,0
DA:218,0
DA:223,0
DA:224,0
DA:228,0
DA:233,0
DA:234,0
DA:238,0
DA:243,0
DA:244,0
DA:248,0
DA:253,0
DA:254,0
DA:258,0
DA:263,0
DA:264,0
DA:268,0
DA:273,0
DA:274,0
DA:278,0
DA:283,0
DA:284,0
DA:288,0
DA:293,0
DA:294,0
DA:298,0
DA:303,0
DA:304,0
DA:308,0
DA:313,0
DA:314,0
DA:318,0
DA:323,0
DA:324,0
DA:328,0
DA:333,0
DA:334,0
DA:338,0
DA:343,0
DA:344,0
DA:348,0
DA:353,0
DA:354,0
DA:358,0
DA:363,0
DA:364,0
DA:368,0
DA:369,0
DA:373,0
DA:374,0
DA:378,0
DA:379,0
DA:383,0
DA:384,0
DA:388,0
DA:393,0
DA:394,0
DA:398,0
DA:403,0
DA:404,0
DA:408,0
DA:413,0
DA:414,0
DA:418,0
DA:423,0
DA:424,0
DA:428,0
DA:429,0
DA:433,0
DA:434,0
DA:438,0
DA:439,0
DA:443,0
DA:444,0
DA:448,0
DA:453,0
DA:454,0
DA:458,0
DA:463,0
DA:464,0
DA:468,0
DA:473,0
DA:474,0
DA:478,0
DA:483,0
DA:484,0
DA:488,0
DA:489,0
DA:493,0
DA:494,0
DA:498,0
DA:503,0
DA:504,0
DA:508,0
DA:513,0
DA:514,0
DA:518,0
DA:523,0
DA:524,0
DA:528,0
DA:533,0
DA:534,0
DA:538,0
DA:543,0
DA:544,0
DA:548,0
DA:553,0
DA:554,0
DA:558,0
DA:563,0
DA:564,0
DA:568,0
DA:569,0
DA:573,0
DA:578,0
DA:579,0
DA:583,0
DA:588,0
DA:589,0
DA:593,0
DA:598,0
DA:599,0
DA:603,0
DA:608,0
DA:609,0
DA:613,0
DA:618,0
DA:619,0
DA:623,0
DA:628,0
DA:629,0
DA:633,0
DA:638,0
DA:639,0
DA:643,0
DA:648,0
DA:649,0
DA:653,0
DA:654,0
DA:658,0
DA:659,0
DA:663,0
DA:664,0
DA:668,0
DA:673,0
DA:674,0
DA:678,0
DA:683,0
DA:684,0
DA:688,0
DA:689,0
DA:693,0
DA:698,0
DA:699,0
DA:703,0
DA:704,0
DA:708,0
DA:713,0
DA:714,0
DA:718,0
DA:723,0
DA:724,0
DA:728,0
DA:729,0
DA:733,0
DA:734,0
DA:738,0
DA:739,0
DA:743,0
DA:748,0
DA:749,0
DA:753,0
DA:758,0
DA:759,0
DA:763,0
DA:768,0
DA:769,0
DA:773,0
DA:774,0
DA:778,0
DA:779,0
DA:783,0
DA:788,0
DA:789,0
DA:793,0
DA:798,0
DA:799,0
DA:803,0
DA:808,0
DA:809,0
DA:813,0
DA:818,0
DA:819,0
DA:823,0
DA:824,0
DA:828,0
DA:829,0
DA:833,0
DA:838,0
DA:839,0
DA:843,0
DA:848,0
DA:849,0
DA:853,0
DA:858,0
DA:859,0
DA:863,0
DA:868,0
DA:869,0
DA:873,0
DA:874,0
DA:878,0
DA:879,0
DA:883,0
DA:888,0
DA:889,0
DA:893,0
DA:894,0
DA:898,0
DA:903,0
DA:904,0
DA:908,0
DA:913,0
DA:914,0
DA:918,0
DA:923,0
DA:924,0
DA:928,0
DA:933,0
DA:934,0
DA:938,0
DA:943,0
DA:944,0
DA:948,0
DA:953,0
DA:954,0
DA:958,0
DA:963,0
DA:964,0
DA:968,0
DA:973,0
DA:974,0
DA:978,0
DA:983,0
DA:984,0
DA:988,0
DA:993,0
DA:994,0
DA:998,0
DA:1003,0
DA:1004,0
DA:1008,0
DA:1013,0
DA:1014,0
DA:1018,0
DA:1023,0
DA:1024,0
DA:1028,0
DA:1033,0
DA:1034,0
DA:1038,0
DA:1043,0
DA:1044,0
DA:1048,0
DA:1053,0
DA:1054,0
DA:1058,0
DA:1063,0
DA:1064,0
DA:1068,0
DA:1073,0
DA:1074,0
DA:1078,0
DA:1083,0
DA:1084,0
DA:1088,0
DA:1093,0
DA:1094,0
DA:1098,0
DA:1103,0
DA:1104,0
DA:1108,0
DA:1113,0
DA:1114,0
DA:1118,0
DA:1123,0
DA:1124,0
DA:1128,0
DA:1133,0
DA:1134,0
DA:1138,0
DA:1143,0
DA:1144,0
DA:1148,0
DA:1153,0
DA:1154,0
DA:1158,0
DA:1163,0
DA:1164,0
DA:1168,0
DA:1173,0
DA:1174,0
DA:1178,0
DA:1183,0
DA:1184,0
DA:1188,0
DA:1193,0
DA:1194,0
DA:1198,0
DA:1203,0
DA:1204,0
DA:1208,0
DA:1213,0
DA:1214,0
DA:1218,0
DA:1219,0
DA:1223,0
DA:1224,0
DA:1228,0
DA:1233,0
DA:1234,0
DA:1238,0
DA:1244,5
DA:1246,0
DA:1254,0
DA:1255,0
DA:1256,0
DA:1257,0
DA:1258,0
DA:1261,0
DA:1262,0
DA:1263,0
LF:405
LH:1
end_of_record
SF:lib/core/presentation/utils/base_url_syntax.dart
DA:4,0
DA:5,0
DA:11,0
DA:13,0
DA:14,0
DA:16,0
LF:6
LH:0
end_of_record
SF:lib/core/presentation/utils/conditional_wrapper.dart
DA:4,0
DA:20,0
DA:22,0
DA:23,0
DA:25,0
LF:5
LH:0
end_of_record
SF:lib/core/presentation/utils/locale_icon_registry.dart
DA:4,0
DA:5,0
DA:6,0
DA:7,0
DA:10,0
DA:11,0
DA:12,0
LF:7
LH:0
end_of_record
SF:lib/core/presentation/utils/scroll_behavior.dart
DA:4,5
DA:6,0
DA:11,0
DA:20,0
DA:26,0
DA:27,0
LF:6
LH:1
end_of_record
SF:lib/core/presentation/utils/toast_notification/toast_listener.dart
DA:10,0
DA:29,0
DA:30,0
DA:31,0
DA:32,0
DA:33,0
DA:34,0
DA:39,0
DA:41,0
DA:43,0
DA:44,0
DA:45,0
DA:46,0
DA:47,0
DA:48,0
DA:52,0
DA:53,0
DA:54,0
DA:55,0
DA:57,0
DA:60,0
DA:61,0
DA:65,0
DA:71,0
DA:80,0
DA:82,0
DA:83,0
DA:84,0
LF:28
LH:0
end_of_record
SF:lib/core/presentation/utils/toast_notification/toast_manager.dart
DA:5,0
DA:12,0
DA:14,0
DA:15,0
DA:16,0
DA:17,0
DA:19,0
DA:23,0
DA:32,0
DA:34,0
DA:35,0
DA:41,0
DA:52,0
DA:54,0
DA:56,0
DA:58,0
DA:60,0
DA:62,0
DA:65,0
DA:66,0
DA:67,0
DA:68,0
DA:69,0
DA:70,0
DA:76,0
DA:77,0
DA:78,0
DA:79,0
DA:83,0
DA:87,0
DA:88,0
DA:89,0
DA:90,0
LF:33
LH:0
end_of_record
SF:lib/core/utils/formatters.dart
DA:4,4
DA:6,4
DA:7,8
DA:9,4
DA:11,1
DA:13,1
DA:14,1
DA:15,1
DA:19,2
DA:22,0
DA:23,0
DA:24,0
LF:12
LH:9
end_of_record
SF:lib/core/utils/logger/app_logger.dart
DA:5,0
DA:9,0
DA:11,0
DA:14,0
DA:16,0
DA:19,0
DA:21,0
DA:24,0
DA:26,0
DA:29,0
DA:31,0
LF:11
LH:0
end_of_record
SF:lib/di/app_scope.dart
DA:10,0
LF:1
LH:0
end_of_record
SF:lib/features/auth/data/models/device_info.dart
DA:6,1
DA:20,0
DA:21,0
DA:22,0
DA:23,0
DA:24,0
DA:25,0
DA:26,0
DA:30,1
DA:31,1
DA:32,1
DA:33,1
DA:34,1
DA:35,1
DA:36,1
DA:40,0
DA:41,0
DA:42,0
DA:43,0
DA:44,0
DA:45,0
DA:46,0
LF:22
LH:8
end_of_record
SF:lib/features/auth/data/models/session.dart
DA:7,0
DA:41,0
DA:42,0
DA:43,0
DA:44,0
DA:45,0
DA:46,0
DA:47,0
DA:48,0
DA:49,0
DA:50,0
DA:51,0
DA:53,0
DA:54,0
DA:55,0
DA:56,0
DA:57,0
DA:58,0
DA:59,0
DA:64,0
DA:65,0
DA:66,0
DA:67,0
DA:68,0
DA:69,0
DA:70,0
DA:71,0
DA:72,0
DA:73,0
DA:74,0
DA:75,0
DA:76,0
DA:77,0
DA:78,0
DA:79,0
DA:82,0
DA:99,0
DA:100,0
DA:101,0
DA:102,0
DA:103,0
DA:104,0
DA:105,0
DA:106,0
DA:107,0
DA:108,0
DA:109,0
DA:110,0
DA:111,0
DA:112,0
DA:113,0
DA:114,0
DA:118,0
DA:119,0
DA:120,0
DA:121,0
DA:122,0
DA:123,0
DA:124,0
DA:125,0
DA:126,0
DA:127,0
DA:128,0
DA:129,0
DA:130,0
DA:131,0
DA:132,0
DA:133,0
DA:134,0
LF:69
LH:0
end_of_record
SF:lib/features/auth/data/repositories/auth_repo/http_auth_repo.dart
DA:7,1
DA:11,1
DA:18,2
DA:20,1
DA:21,1
DA:22,1
DA:23,2
DA:27,2
DA:28,1
DA:29,1
DA:32,1
DA:40,1
DA:51,2
DA:53,1
DA:54,1
DA:55,1
DA:56,1
DA:57,1
DA:58,1
DA:59,1
DA:60,2
DA:64,2
DA:65,1
DA:66,1
DA:69,1
DA:77,1
DA:84,2
DA:86,1
DA:87,1
DA:88,1
DA:89,2
DA:93,2
DA:94,1
DA:95,1
DA:98,1
DA:106,1
DA:109,2
DA:111,1
DA:113,1
DA:116,1
DA:124,1
DA:125,1
DA:126,1
DA:127,1
DA:128,1
DA:129,1
DA:130,1
DA:131,1
DA:134,1
DA:135,1
DA:139,1
DA:142,1
LF:52
LH:52
end_of_record
SF:lib/features/auth/data/repositories/auth_repo/mock_auth_repo.dart
DA:8,0
DA:23,0
DA:29,0
DA:30,0
DA:33,0
DA:38,0
DA:44,0
DA:47,0
DA:57,0
LF:9
LH:0
end_of_record
SF:lib/features/auth/data/repositories/device_info_repo/stub_device_info_repo.dart
DA:6,5
DA:8,0
LF:2
LH:1
end_of_record
SF:lib/features/auth/data/repositories/session_cache_repo/local_session_cache_repo.dart
DA:9,1
DA:15,1
DA:18,1
DA:19,1
DA:21,3
DA:22,1
DA:24,1
DA:25,0
DA:26,0
DA:30,1
DA:31,1
DA:37,1
DA:38,1
DA:45,1
DA:48,3
DA:50,1
DA:51,1
DA:53,1
DA:54,1
DA:58,1
DA:59,1
DA:61,1
DA:63,1
DA:64,1
DA:66,1
DA:67,1
DA:68,2
DA:72,1
DA:73,1
DA:79,1
DA:80,1
DA:87,1
DA:90,3
DA:91,1
DA:93,1
DA:94,1
DA:100,1
DA:101,1
DA:108,1
DA:109,1
DA:113,1
DA:115,1
DA:116,1
DA:120,1
DA:121,1
DA:122,2
DA:123,1
DA:124,2
DA:125,2
DA:126,2
DA:127,2
DA:128,2
DA:129,2
DA:132,1
DA:133,1
DA:135,2
DA:137,1
DA:141,1
DA:142,1
DA:143,1
DA:144,1
DA:145,1
DA:146,1
DA:147,1
DA:149,2
DA:150,2
DA:151,2
DA:153,1
DA:154,1
DA:155,1
DA:159,1
DA:160,1
DA:161,2
DA:164,1
DA:165,1
DA:166,1
DA:169,1
DA:170,1
DA:171,2
DA:174,1
DA:175,1
DA:176,1
DA:177,1
DA:178,1
DA:179,1
DA:180,1
DA:185,1
DA:186,1
DA:187,1
DA:188,1
DA:189,1
DA:190,1
DA:191,1
DA:196,1
DA:197,1
DA:198,1
DA:199,0
DA:200,0
DA:201,0
DA:202,0
DA:207,1
DA:209,1
DA:210,1
DA:211,1
DA:213,1
LF:105
LH:99
end_of_record
SF:lib/features/auth/domain/interactors/auth_interactor.dart
DA:7,1
DA:28,1
DA:37,2
DA:39,2
DA:48,1
DA:50,3
DA:51,1
DA:54,1
DA:55,2
DA:56,2
DA:57,1
DA:58,2
DA:59,1
DA:60,1
DA:64,1
DA:65,0
DA:66,0
DA:67,0
DA:71,1
DA:72,0
DA:73,0
DA:74,1
DA:75,0
DA:76,0
DA:77,1
DA:78,2
DA:81,0
DA:82,0
DA:83,0
DA:90,1
DA:95,2
DA:97,2
DA:103,1
DA:104,3
DA:105,1
DA:108,1
DA:109,2
DA:111,2
DA:112,1
DA:113,2
DA:114,1
DA:115,1
DA:119,1
DA:120,2
DA:121,1
DA:122,1
DA:126,0
DA:127,0
DA:128,0
DA:129,0
DA:130,0
DA:131,0
DA:132,0
DA:133,0
DA:136,0
DA:137,0
DA:138,0
DA:145,1
DA:147,2
DA:149,3
DA:150,2
DA:151,1
DA:156,2
DA:158,2
DA:159,1
DA:160,1
DA:164,1
DA:165,2
DA:166,1
DA:168,1
DA:171,1
DA:172,2
DA:174,1
DA:175,0
DA:176,0
DA:178,1
DA:179,2
DA:180,1
DA:183,2
DA:184,1
DA:189,1
DA:190,2
DA:191,2
DA:194,1
DA:195,2
DA:198,1
DA:200,2
DA:204,2
DA:206,1
DA:213,1
DA:215,2
DA:217,2
DA:219,0
LF:93
LH:69
end_of_record
SF:lib/features/auth/domain/models/device_info.dart
DA:7,5
DA:21,0
DA:22,0
DA:23,0
DA:24,0
DA:25,0
DA:26,0
DA:27,0
DA:31,0
DA:32,0
DA:33,0
DA:34,0
DA:35,0
DA:36,0
DA:37,0
LF:15
LH:1
end_of_record
SF:lib/features/auth/domain/models/exceptions.dart
DA:4,1
DA:12,2
DA:20,2
DA:24,2
DA:32,1
LF:5
LH:5
end_of_record
SF:lib/features/auth/domain/models/session.dart
DA:8,4
DA:42,0
DA:43,0
DA:44,0
DA:45,0
DA:46,0
DA:47,0
DA:48,0
DA:49,0
DA:50,0
DA:51,0
DA:52,0
DA:53,0
DA:54,0
DA:55,0
DA:56,0
DA:57,0
DA:58,0
DA:62,2
DA:63,2
DA:64,2
DA:65,2
DA:66,2
DA:67,2
DA:68,4
DA:69,2
DA:70,2
DA:71,2
DA:72,2
DA:74,2
DA:75,2
DA:76,2
DA:77,2
DA:78,2
DA:79,4
DA:80,4
DA:84,2
DA:85,1
DA:86,1
DA:87,1
DA:88,1
DA:89,2
DA:90,1
DA:91,1
DA:92,2
DA:93,1
DA:94,1
DA:95,1
DA:96,1
DA:97,1
DA:98,2
DA:99,2
DA:102,2
DA:103,2
DA:104,2
DA:105,2
DA:106,2
DA:107,2
DA:108,2
DA:109,2
DA:110,2
DA:111,2
DA:112,2
DA:113,2
DA:114,2
DA:115,2
DA:116,2
DA:117,2
DA:118,2
LF:69
LH:52
end_of_record
SF:lib/features/auth/domain/utils/password_validator.dart
DA:4,2
DA:5,4
DA:6,2
DA:11,4
DA:12,1
DA:17,4
DA:18,1
DA:23,4
DA:24,1
DA:29,2
DA:30,2
DA:31,1
DA:36,2
DA:37,2
DA:38,1
LF:15
LH:15
end_of_record
SF:lib/features/auth/presentation/blocs/auth_cubit/auth_state.dart
DA:4,6
DA:10,5
DA:12,0
DA:13,0
DA:17,5
DA:19,1
DA:20,2
DA:24,1
DA:33,0
DA:38,0
DA:39,0
DA:40,0
DA:45,1
DA:46,1
DA:47,1
DA:48,1
DA:49,1
DA:55,5
DA:57,1
DA:58,2
DA:62,1
DA:64,1
DA:65,2
LF:23
LH:17
end_of_record
SF:lib/features/auth/presentation/blocs/auth_cubit/auth_cubit.dart
DA:10,1
DA:13,1
DA:18,1
DA:23,2
DA:24,1
DA:26,2
DA:28,2
DA:33,2
DA:34,2
DA:36,3
DA:37,1
DA:38,1
DA:39,1
DA:41,2
DA:47,1
DA:55,2
DA:56,1
DA:58,2
DA:60,2
DA:68,2
DA:69,2
DA:71,3
DA:72,1
DA:73,1
DA:74,1
DA:76,2
DA:82,1
DA:84,2
DA:85,1
DA:88,2
DA:89,2
DA:92,1
DA:96,2
DA:98,3
DA:99,1
DA:103,1
DA:105,2
DA:106,2
DA:107,1
DA:109,2
DA:110,1
LF:41
LH:41
end_of_record
SF:lib/features/auth/presentation/blocs/log_in_cubit/log_in_cubit.dart
DA:9,1
DA:11,1
DA:15,1
DA:17,1
DA:18,1
DA:19,2
DA:21,1
DA:29,3
DA:31,0
DA:32,0
DA:33,0
DA:34,0
DA:36,0
DA:42,1
DA:44,1
DA:45,1
DA:46,2
DA:48,1
DA:56,3
DA:58,0
DA:59,0
DA:60,0
DA:61,0
DA:63,0
DA:69,1
DA:70,2
DA:71,2
DA:75,1
DA:77,1
DA:80,4
LF:30
LH:20
end_of_record
SF:lib/features/auth/presentation/blocs/log_in_cubit/log_in_state.dart
DA:4,6
DA:22,1
DA:29,1
DA:31,1
DA:34,1
DA:37,1
DA:40,1
DA:42,1
DA:46,1
DA:47,1
DA:48,1
DA:49,1
DA:50,1
DA:51,1
DA:52,1
LF:15
LH:15
end_of_record
SF:lib/features/auth/presentation/blocs/registration_cubit/registration_cubit.dart
DA:10,1
DA:12,1
DA:16,1
DA:18,2
DA:19,1
DA:20,2
DA:22,1
DA:31,1
DA:33,3
DA:37,3
DA:39,0
DA:41,0
DA:42,0
DA:43,0
DA:45,0
DA:51,1
DA:53,2
DA:54,1
DA:55,2
DA:57,1
DA:66,1
DA:68,3
DA:72,3
DA:74,0
DA:76,0
DA:77,0
DA:78,0
DA:80,0
DA:86,1
DA:88,2
DA:89,3
DA:94,1
DA:96,1
DA:97,2
DA:104,1
DA:105,2
DA:111,0
DA:113,0
DA:114,0
DA:115,0
DA:117,0
DA:123,1
DA:125,2
DA:126,1
DA:127,2
DA:129,1
DA:138,1
DA:140,3
DA:144,3
DA:146,0
DA:148,0
DA:149,0
DA:150,0
DA:152,0
DA:158,1
DA:160,2
DA:161,1
DA:162,2
DA:164,1
DA:172,2
DA:176,1
DA:177,3
DA:178,1
DA:179,1
DA:180,2
DA:182,1
DA:191,1
DA:192,1
DA:193,1
DA:194,2
DA:204,1
DA:206,3
DA:210,3
DA:212,0
DA:214,0
DA:215,0
DA:216,0
DA:218,0
DA:224,1
DA:226,2
DA:227,1
DA:228,2
DA:230,1
DA:239,2
DA:242,1
DA:243,1
DA:245,1
DA:249,1
DA:250,3
DA:251,1
DA:252,1
DA:254,1
DA:258,1
DA:259,2
DA:267,1
DA:268,2
DA:274,0
DA:276,0
DA:277,0
DA:278,0
DA:280,0
DA:286,1
DA:287,2
DA:288,2
DA:289,2
DA:290,2
DA:291,2
DA:292,2
DA:296,1
DA:298,1
DA:300,1
DA:302,1
DA:304,1
DA:306,1
DA:311,1
DA:314,2
DA:315,2
DA:316,2
DA:317,2
DA:318,2
DA:319,2
LF:121
LH:91
end_of_record
SF:lib/features/auth/presentation/blocs/registration_cubit/registration_state.dart
DA:4,6
DA:42,1
DA:57,1
DA:59,1
DA:62,1
DA:65,1
DA:68,1
DA:71,1
DA:74,1
DA:77,1
DA:80,1
DA:83,1
DA:86,1
DA:89,1
DA:92,1
DA:94,1
DA:98,1
DA:99,1
DA:100,1
DA:101,1
DA:102,1
DA:103,1
DA:104,1
DA:105,1
DA:106,1
DA:107,1
DA:108,1
DA:109,1
DA:110,1
DA:111,1
DA:112,1
LF:31
LH:31
end_of_record
SF:lib/features/auth/presentation/components/language_switcher_button.dart
DA:9,5
DA:11,0
DA:13,0
DA:14,0
DA:17,0
DA:18,0
DA:21,0
DA:22,0
DA:23,0
DA:25,0
DA:26,0
DA:27,0
DA:29,0
DA:45,0
DA:47,0
DA:48,0
DA:49,0
DA:50,0
DA:52,0
DA:54,0
DA:55,0
DA:57,0
DA:68,5
DA:73,0
DA:75,0
DA:77,0
DA:78,0
DA:79,0
DA:81,0
LF:29
LH:2
end_of_record
SF:lib/features/auth/presentation/components/locnet_branding.dart
DA:5,5
DA:7,0
DA:9,0
DA:10,0
DA:12,0
DA:14,0
DA:15,0
LF:7
LH:1
end_of_record
SF:lib/features/auth/presentation/components/log_in_card.dart
DA:11,0
DA:20,0
DA:22,0
DA:23,0
DA:24,0
DA:26,0
DA:27,0
DA:29,0
DA:32,0
DA:33,0
DA:34,0
DA:35,0
DA:36,0
DA:37,0
DA:43,0
DA:46,0
DA:47,0
DA:49,0
DA:51,0
DA:54,0
DA:55,0
DA:56,0
DA:58,0
DA:59,0
DA:61,0
DA:62,0
DA:64,0
DA:65,0
DA:67,0
DA:72,0
DA:74,0
DA:77,0
DA:78,0
DA:79,0
DA:81,0
DA:82,0
DA:84,0
DA:85,0
DA:87,0
DA:88,0
DA:90,0
DA:95,0
DA:96,0
DA:97,0
DA:98,0
DA:100,0
DA:101,0
DA:102,0
DA:106,0
DA:109,0
DA:110,0
DA:111,0
DA:112,0
DA:114,0
DA:115,0
DA:116,0
DA:117,0
DA:119,0
DA:120,0
DA:121,0
DA:123,0
DA:127,0
DA:128,0
DA:129,0
LF:64
LH:0
end_of_record
SF:lib/features/auth/presentation/components/registration_card.dart
DA:11,0
DA:28,0
DA:30,0
DA:31,0
DA:32,0
DA:34,0
DA:36,0
DA:37,0
DA:39,0
DA:41,0
DA:44,0
DA:45,0
DA:46,0
DA:47,0
DA:48,0
DA:49,0
DA:55,0
DA:58,0
DA:59,0
DA:61,0
DA:63,0
DA:64,0
DA:66,0
DA:67,0
DA:69,0
DA:70,0
DA:72,0
DA:73,0
DA:75,0
DA:80,0
DA:82,0
DA:83,0
DA:85,0
DA:86,0
DA:88,0
DA:89,0
DA:91,0
DA:92,0
DA:94,0
DA:99,0
DA:101,0
DA:102,0
DA:104,0
DA:105,0
DA:109,0
DA:110,0
DA:114,0
DA:115,0
DA:117,0
DA:122,0
DA:124,0
DA:125,0
DA:128,0
DA:129,0
DA:131,0
DA:132,0
DA:134,0
DA:135,0
DA:137,0
DA:142,0
DA:144,0
DA:145,0
DA:148,0
DA:149,0
DA:151,0
DA:152,0
DA:154,0
DA:155,0
DA:157,0
DA:162,0
DA:164,0
DA:165,0
DA:168,0
DA:169,0
DA:173,0
DA:174,0
DA:179,0
DA:180,0
DA:182,0
DA:187,0
DA:188,0
DA:189,0
DA:190,0
DA:192,0
DA:193,0
DA:194,0
DA:195,0
DA:196,0
DA:197,0
DA:201,0
DA:204,0
DA:205,0
DA:206,0
DA:207,0
DA:209,0
DA:210,0
DA:211,0
DA:212,0
DA:214,0
DA:215,0
DA:216,0
DA:218,0
DA:222,0
DA:223,0
DA:224,0
LF:105
LH:0
end_of_record
SF:lib/features/auth/presentation/navigation/auth_listener.dart
DA:14,0
DA:16,0
DA:17,0
DA:18,0
DA:19,0
DA:20,0
DA:21,0
DA:30,0
DA:32,0
DA:33,0
DA:36,0
DA:39,0
DA:42,0
DA:48,0
DA:50,0
DA:51,0
LF:16
LH:0
end_of_record
SF:lib/features/auth/presentation/screens/log_in_screen.dart
DA:8,5
DA:12,0
DA:14,0
DA:15,0
DA:16,0
DA:22,5
DA:24,0
DA:25,0
DA:32,0
DA:34,0
DA:35,0
DA:36,0
DA:39,0
DA:41,0
DA:42,0
DA:43,0
DA:46,0
DA:48,0
DA:50,0
DA:51,0
DA:52,0
DA:53,0
DA:54,0
DA:55,0
DA:56,0
DA:57,0
DA:58,0
DA:60,0
DA:61,0
DA:62,0
DA:63,0
DA:66,0
DA:67,0
DA:68,0
DA:72,0
DA:73,0
DA:74,0
DA:85,0
DA:93,0
DA:95,0
DA:96,0
DA:97,0
DA:99,0
DA:101,0
DA:102,0
DA:103,0
DA:104,0
DA:105,0
DA:107,0
DA:108,0
DA:116,0
DA:117,0
DA:120,0
DA:126,0
DA:127,0
DA:128,0
DA:135,0
DA:138,0
DA:146,0
DA:147,0
DA:148,0
LF:61
LH:2
end_of_record
SF:lib/features/auth/presentation/screens/registration_screen.dart
DA:8,5
DA:12,0
DA:14,0
DA:15,0
DA:16,0
DA:17,0
DA:23,5
DA:25,0
DA:26,0
DA:37,0
DA:39,0
DA:40,0
DA:41,0
DA:42,0
DA:43,0
DA:44,0
DA:45,0
DA:48,0
DA:50,0
DA:51,0
DA:52,0
DA:53,0
DA:54,0
DA:55,0
DA:56,0
DA:59,0
DA:61,0
DA:63,0
DA:64,0
DA:65,0
DA:66,0
DA:67,0
DA:68,0
DA:69,0
DA:70,0
DA:71,0
DA:73,0
DA:78,0
DA:79,0
DA:80,0
DA:83,0
DA:84,0
DA:85,0
DA:89,0
DA:90,0
DA:91,0
DA:92,0
DA:93,0
DA:94,0
DA:95,0
DA:106,0
DA:122,0
DA:124,0
DA:125,0
DA:126,0
DA:128,0
DA:130,0
DA:131,0
DA:132,0
DA:133,0
DA:134,0
DA:136,0
DA:137,0
DA:145,0
DA:146,0
DA:149,0
DA:155,0
DA:156,0
DA:157,0
DA:158,0
DA:159,0
DA:160,0
DA:162,0
DA:169,0
DA:172,0
DA:180,0
DA:181,0
DA:182,0
DA:183,0
DA:184,0
DA:185,0
DA:186,0
LF:82
LH:2
end_of_record
SF:lib/features/auth/presentation/utils/auth_exceptions_translator.dart
DA:7,0
DA:8,0
DA:9,0
DA:10,0
DA:11,0
DA:12,0
DA:13,0
DA:14,0
DA:17,0
DA:26,0
DA:27,0
DA:29,0
DA:31,0
DA:34,0
LF:14
LH:0
end_of_record
SF:lib/features/conversation/data/models/conversation.dart
DA:6,0
DA:32,0
DA:33,0
DA:35,0
DA:36,0
DA:37,0
DA:40,0
DA:41,0
DA:42,0
DA:43,0
DA:46,0
DA:47,0
DA:48,0
DA:49,0
DA:50,0
DA:51,0
DA:52,0
DA:53,0
DA:54,0
DA:55,0
DA:56,0
DA:57,0
DA:61,0
DA:62,0
DA:63,0
DA:64,0
DA:65,0
DA:66,0
DA:67,0
DA:68,0
DA:69,0
DA:70,0
DA:71,0
DA:72,0
DA:75,0
DA:88,0
DA:89,0
DA:90,0
DA:91,0
DA:92,0
DA:93,0
DA:94,0
DA:95,0
DA:96,0
DA:97,0
DA:98,0
DA:99,0
DA:103,0
DA:104,0
DA:105,0
DA:106,0
DA:107,0
DA:108,0
DA:109,0
DA:110,0
DA:111,0
DA:112,0
DA:113,0
DA:114,0
DA:115,0
LF:60
LH:0
end_of_record
SF:lib/features/conversation/data/models/conversation_participant.dart
DA:6,0
DA:26,0
DA:27,0
DA:28,0
DA:29,0
DA:30,0
DA:33,0
DA:34,0
DA:35,0
DA:36,0
DA:37,0
DA:38,0
DA:39,0
DA:40,0
DA:41,0
DA:45,0
DA:46,0
DA:47,0
DA:48,0
DA:49,0
DA:50,0
DA:51,0
DA:52,0
DA:53,0
DA:56,0
DA:66,0
DA:67,0
DA:68,0
DA:69,0
DA:70,0
DA:71,0
DA:72,0
DA:73,0
DA:74,0
DA:78,0
DA:79,0
DA:80,0
DA:81,0
DA:82,0
DA:83,0
DA:84,0
DA:85,0
DA:86,0
DA:87,0
LF:44
LH:0
end_of_record
SF:lib/features/conversation/data/repositories/conversation_repo/mock_conversation_repo.dart
DA:8,0
DA:13,0
DA:17,0
DA:18,0
DA:21,0
DA:26,0
LF:6
LH:0
end_of_record
SF:lib/features/conversation/domain/interactors/conversation_creator_interactor.dart
DA:6,0
DA:15,0
DA:21,0
DA:22,0
LF:4
LH:0
end_of_record
SF:lib/features/conversation/domain/models/conversation.dart
DA:8,0
DA:35,0
DA:38,0
DA:39,0
DA:40,0
DA:41,0
DA:42,0
DA:43,0
DA:44,0
DA:45,0
DA:46,0
DA:47,0
DA:48,0
DA:49,0
DA:50,0
DA:54,0
DA:67,0
DA:68,0
DA:69,0
DA:70,0
DA:71,0
DA:72,0
DA:73,0
DA:74,0
DA:75,0
DA:76,0
DA:77,0
DA:78,0
DA:82,0
DA:83,0
DA:84,0
DA:85,0
DA:86,0
DA:87,0
DA:88,0
DA:89,0
DA:90,0
DA:91,0
DA:92,0
DA:93,0
DA:94,0
LF:41
LH:0
end_of_record
SF:lib/features/conversation/domain/models/conversation_participant.dart
DA:7,0
DA:28,0
DA:29,0
DA:30,0
DA:31,0
DA:34,0
DA:35,0
DA:36,0
DA:37,0
DA:38,0
DA:39,0
DA:40,0
DA:41,0
DA:42,0
DA:43,0
DA:48,0
DA:49,0
DA:50,0
DA:51,0
DA:52,0
DA:53,0
DA:54,0
DA:55,0
DA:56,0
DA:57,0
DA:61,0
DA:71,0
DA:72,0
DA:73,0
DA:74,0
DA:75,0
DA:76,0
DA:77,0
DA:78,0
DA:79,0
DA:83,0
DA:84,0
DA:85,0
DA:86,0
DA:87,0
DA:88,0
DA:89,0
DA:90,0
DA:91,0
DA:92,0
LF:45
LH:0
end_of_record
SF:lib/features/conversation/domain/models/enums.dart
DA:11,0
DA:12,0
DA:14,0
DA:15,0
DA:16,0
DA:17,0
LF:6
LH:0
end_of_record
SF:lib/features/conversation/domain/utils/conversation_data_validator.dart
DA:4,1
DA:5,1
DA:7,1
DA:8,1
DA:13,2
DA:14,1
DA:20,1
DA:21,1
DA:23,1
DA:24,1
DA:29,2
DA:30,1
LF:12
LH:12
end_of_record
SF:lib/features/conversation/presentation/components/conversation_avatar.dart
DA:6,0
DA:8,0
DA:16,0
DA:18,0
DA:19,0
DA:21,0
DA:22,0
DA:24,0
DA:27,0
DA:28,0
DA:29,0
DA:30,0
DA:31,0
DA:32,0
DA:34,0
DA:35,0
DA:36,0
DA:37,0
DA:42,0
DA:43,0
DA:45,0
DA:46,0
DA:47,0
DA:55,0
DA:67,0
DA:69,0
DA:70,0
DA:71,0
DA:72,0
DA:74,0
DA:75,0
DA:80,0
DA:81,0
DA:82,0
DA:85,0
DA:86,0
DA:88,0
LF:37
LH:0
end_of_record
SF:lib/features/conversation/presentation/components/conversation_info_action_button.dart
DA:5,0
DA:16,0
DA:18,0
DA:19,0
DA:21,0
DA:23,0
DA:25,0
DA:26,0
DA:27,0
DA:28,0
DA:30,0
DA:32,0
DA:33,0
DA:36,0
DA:38,0
DA:39,0
DA:41,0
DA:42,0
DA:43,0
DA:44,0
LF:20
LH:0
end_of_record
SF:lib/features/conversation/subfeatures/conversation_creator/presentation/blocs/conversation_creator_bloc/conversation_creator_state.dart
DA:4,5
DA:33,0
DA:44,0
DA:45,0
DA:47,0
DA:48,0
DA:50,0
DA:52,0
DA:54,0
DA:57,0
DA:60,0
DA:63,0
DA:64,0
DA:68,0
DA:69,0
DA:70,0
DA:71,0
DA:72,0
DA:73,0
DA:74,0
DA:75,0
DA:76,0
DA:77,0
DA:78,0
LF:24
LH:1
end_of_record
SF:lib/features/conversation/subfeatures/conversation_creator/presentation/blocs/conversation_creator_bloc/conversation_creator_bloc.dart
DA:12,0
DA:17,0
DA:22,0
DA:23,0
DA:24,0
DA:25,0
DA:31,0
DA:36,0
DA:38,0
DA:39,0
DA:40,0
DA:41,0
DA:43,0
DA:49,0
DA:54,0
DA:55,0
DA:56,0
DA:57,0
DA:65,0
DA:67,0
DA:70,0
DA:72,0
DA:73,0
DA:74,0
DA:75,0
DA:77,0
DA:83,0
DA:88,0
DA:89,0
DA:93,0
DA:95,0
DA:98,0
DA:99,0
DA:102,0
DA:103,0
DA:104,0
DA:105,0
DA:107,0
DA:113,0
DA:114,0
DA:120,0
DA:125,0
DA:129,0
DA:133,0
DA:134,0
DA:135,0
DA:136,0
DA:137,0
DA:141,0
DA:142,0
DA:143,0
DA:149,0
DA:151,0
DA:152,0
DA:153,0
DA:154,0
DA:156,0
LF:57
LH:0
end_of_record
SF:lib/features/conversation/subfeatures/conversation_creator/presentation/blocs/conversation_creator_bloc/conversation_creator_event.dart
DA:4,5
DA:6,0
DA:7,0
DA:11,0
DA:15,0
DA:16,0
DA:20,0
DA:24,0
DA:25,0
DA:30,0
DA:34,0
DA:35,0
DA:39,5
DA:41,0
DA:42,0
LF:15
LH:2
end_of_record
SF:lib/features/conversation/subfeatures/conversation_creator/presentation/components/conversation_creator_header.dart
DA:6,5
DA:8,0
DA:10,0
DA:11,0
DA:12,0
DA:14,0
DA:16,0
DA:17,0
DA:18,0
DA:20,0
DA:21,0
DA:24,0
DA:25,0
DA:31,0
DA:34,0
LF:15
LH:1
end_of_record
SF:lib/features/conversation/subfeatures/conversation_creator/presentation/components/conversation_type_selector.dart
DA:9,0
DA:16,0
DA:18,0
DA:19,0
DA:20,0
DA:23,0
DA:25,0
DA:27,0
DA:28,0
DA:29,0
DA:30,0
DA:33,0
DA:34,0
DA:35,0
DA:36,0
DA:40,0
DA:41,0
DA:42,0
DA:43,0
DA:51,0
DA:53,0
DA:55,0
DA:56,0
DA:57,0
DA:58,0
DA:64,0
DA:72,0
DA:74,0
DA:75,0
DA:77,0
DA:78,0
DA:79,0
DA:80,0
DA:81,0
DA:84,0
DA:85,0
DA:86,0
DA:87,0
DA:88,0
DA:90,0
DA:91,0
DA:95,0
DA:96,0
DA:97,0
DA:99,0
DA:100,0
DA:110,0
DA:122,0
DA:124,0
DA:125,0
DA:127,0
DA:128,0
DA:131,0
DA:132,0
DA:133,0
DA:135,0
DA:137,0
DA:138,0
DA:139,0
DA:140,0
DA:142,0
DA:144,0
DA:146,0
DA:148,0
DA:149,0
DA:151,0
DA:152,0
DA:153,0
DA:156,0
LF:69
LH:0
end_of_record
SF:lib/features/conversation/subfeatures/conversation_creator/presentation/modals/conversation_creator_modal_card.dart
DA:12,5
DA:16,0
DA:18,0
DA:19,0
DA:20,0
DA:21,0
DA:23,0
DA:24,0
DA:25,0
DA:27,0
DA:28,0
DA:31,0
DA:38,5
DA:40,0
DA:42,0
DA:50,0
DA:52,0
DA:53,0
DA:54,0
DA:56,0
DA:57,0
DA:58,0
DA:60,0
DA:61,0
DA:62,0
DA:63,0
DA:67,0
DA:68,0
DA:69,0
DA:70,0
DA:75,0
DA:77,0
DA:78,0
DA:79,0
DA:82,0
DA:84,0
DA:85,0
DA:87,0
DA:91,0
DA:93,0
DA:94,0
DA:95,0
DA:98,0
DA:99,0
DA:100,0
DA:102,0
DA:103,0
DA:105,0
DA:110,0
DA:111,0
DA:112,0
DA:123,0
DA:133,0
DA:135,0
DA:136,0
DA:139,0
DA:141,0
DA:143,0
DA:145,0
DA:147,0
DA:148,0
DA:149,0
DA:151,0
DA:153,0
DA:155,0
DA:156,0
DA:159,0
DA:161,0
DA:162,0
DA:165,0
DA:166,0
DA:168,0
DA:169,0
DA:171,0
DA:172,0
DA:174,0
DA:175,0
DA:177,0
DA:182,0
DA:184,0
DA:185,0
DA:189,0
DA:190,0
DA:191,0
DA:194,0
DA:195,0
DA:196,0
DA:199,0
DA:200,0
DA:201,0
DA:204,0
DA:205,0
DA:207,0
DA:212,0
DA:223,0
DA:227,0
DA:229,0
DA:231,0
DA:236,0
DA:238,0
DA:239,0
DA:241,0
DA:242,0
DA:244,0
DA:245,0
DA:246,0
DA:250,0
DA:251,0
LF:108
LH:2
end_of_record
SF:lib/features/conversation/subfeatures/private/data/repositories/private_conversation_repo/mock_private_conversation_repo.dart
DA:13,0
DA:16,0
DA:22,0
DA:24,0
DA:26,0
DA:32,0
DA:36,0
DA:38,0
DA:42,0
DA:43,0
DA:44,0
DA:46,0
DA:47,0
DA:48,0
DA:50,0
DA:53,0
DA:58,0
DA:60,0
DA:67,0
DA:72,0
DA:74,0
DA:76,0
DA:77,0
DA:82,0
DA:84,0
DA:85,0
DA:88,0
DA:94,0
DA:96,0
DA:101,0
DA:103,0
DA:105,0
DA:107,0
DA:109,0
DA:110,0
DA:111,0
DA:112,0
DA:113,0
DA:117,0
DA:123,0
DA:125,0
DA:126,0
DA:129,0
DA:131,0
DA:139,0
DA:144,0
DA:146,0
DA:152,0
DA:154,0
DA:160,0
DA:161,0
LF:51
LH:0
end_of_record
SF:lib/features/conversation/subfeatures/private/domain/interactors/private_conversation_interactor.dart
DA:8,0
DA:17,0
DA:18,0
DA:20,0
DA:24,0
DA:30,0
DA:34,0
DA:40,0
DA:45,0
DA:52,0
DA:53,0
DA:58,0
DA:61,0
DA:66,0
DA:70,0
DA:76,0
DA:77,0
DA:80,0
DA:81,0
DA:86,0
DA:90,0
LF:21
LH:0
end_of_record
SF:lib/features/conversation/subfeatures/private/presentation/blocs/private_conversation_bloc/private_conversation_event.dart
DA:4,0
DA:6,0
DA:7,0
DA:11,0
DA:15,0
DA:16,0
DA:21,0
DA:25,0
DA:26,0
LF:9
LH:0
end_of_record
SF:lib/features/conversation/subfeatures/private/presentation/blocs/private_conversation_bloc/private_conversation_bloc.dart
DA:16,0
DA:21,0
DA:22,0
DA:23,0
DA:25,0
DA:26,0
DA:27,0
DA:36,0
DA:39,0
DA:42,0
DA:47,0
DA:49,0
DA:50,0
DA:52,0
DA:53,0
DA:55,0
DA:56,0
DA:59,0
DA:60,0
DA:63,0
DA:68,0
DA:70,0
DA:72,0
DA:73,0
DA:78,0
DA:82,0
DA:87,0
DA:88,0
DA:94,0
DA:96,0
DA:97,0
DA:101,0
DA:102,0
DA:105,0
DA:106,0
DA:107,0
DA:111,0
DA:112,0
DA:116,0
DA:117,0
DA:123,0
DA:125,0
DA:127,0
DA:129,0
DA:130,0
DA:131,0
DA:133,0
DA:134,0
DA:143,0
DA:147,0
DA:148,0
DA:151,0
DA:152,0
DA:156,0
DA:157,0
DA:158,0
DA:161,0
DA:162,0
DA:166,0
DA:169,0
DA:173,0
DA:174,0
DA:175,0
DA:176,0
DA:180,0
DA:181,0
DA:182,0
DA:183,0
DA:186,0
DA:190,0
DA:192,0
DA:193,0
LF:72
LH:0
end_of_record
SF:lib/features/conversation/subfeatures/private/presentation/blocs/private_conversation_bloc/private_conversation_state.dart
DA:4,5
DA:10,5
DA:12,0
DA:13,0
DA:17,0
DA:32,0
DA:40,0
DA:41,0
DA:42,0
DA:43,0
DA:44,0
DA:45,0
DA:50,0
DA:51,0
DA:52,0
DA:53,0
DA:54,0
DA:55,0
DA:56,0
DA:57,0
DA:62,0
DA:64,0
DA:65,0
LF:23
LH:2
end_of_record
SF:lib/features/conversation/subfeatures/private/presentation/blocs/private_assets_cubit/private_assets_cubit.dart
DA:7,0
LF:1
LH:0
end_of_record
SF:lib/features/conversation/subfeatures/private/presentation/blocs/private_assets_cubit/private_assets_state.dart
DA:4,0
DA:6,0
DA:7,0
LF:3
LH:0
end_of_record
SF:lib/features/conversation/subfeatures/private/presentation/blocs/private_conversation_options_cubit/private_conversation_options_state.dart
DA:4,5
DA:11,0
DA:18,0
DA:19,0
DA:24,5
DA:26,0
DA:27,0
DA:32,0
DA:41,0
DA:46,0
DA:47,0
DA:48,0
DA:49,0
DA:53,0
DA:54,0
DA:55,0
DA:56,0
DA:57,0
DA:64,0
DA:66,0
DA:67,0
LF:21
LH:2
end_of_record
SF:lib/features/conversation/subfeatures/private/presentation/blocs/private_conversation_options_cubit/private_conversation_options_cubit.dart
DA:11,0
DA:17,0
DA:18,0
DA:20,0
DA:26,0
DA:28,0
DA:31,0
DA:32,0
DA:34,0
DA:35,0
DA:38,0
DA:39,0
DA:40,0
DA:41,0
DA:45,0
DA:47,0
DA:49,0
DA:50,0
DA:55,0
DA:59,0
DA:61,0
DA:63,0
DA:65,0
DA:66,0
DA:71,0
DA:75,0
DA:77,0
DA:79,0
DA:81,0
DA:82,0
DA:87,0
DA:91,0
DA:93,0
DA:95,0
DA:97,0
DA:98,0
DA:103,0
DA:107,0
DA:109,0
DA:111,0
DA:113,0
DA:114,0
DA:119,0
LF:43
LH:0
end_of_record
SF:lib/features/conversation/subfeatures/private/presentation/blocs/private_message_actions_cubit/private_message_actions_state.dart
DA:14,0
DA:15,0
DA:17,0
DA:18,0
DA:19,0
DA:20,0
DA:21,0
DA:34,0
DA:35,0
DA:37,0
DA:38,0
DA:39,0
DA:40,0
DA:41,0
DA:46,0
DA:70,0
DA:79,0
DA:80,0
DA:81,0
DA:82,0
DA:83,0
DA:84,0
DA:85,0
DA:90,0
DA:91,0
DA:92,0
DA:93,0
DA:94,0
DA:95,0
DA:96,0
DA:97,0
DA:98,0
DA:103,5
DA:105,0
DA:110,0
DA:113,0
DA:114,0
DA:118,0
DA:119,0
LF:39
LH:1
end_of_record
SF:lib/features/conversation/subfeatures/private/presentation/blocs/private_message_actions_cubit/private_message_actions_cubit.dart
DA:13,0
DA:21,0
DA:27,0
DA:32,0
DA:33,0
DA:37,0
DA:39,0
DA:42,0
DA:44,0
DA:46,0
DA:50,0
DA:51,0
DA:52,0
DA:57,0
DA:58,0
DA:66,0
DA:67,0
DA:76,0
DA:78,0
DA:80,0
DA:82,0
DA:84,0
DA:85,0
DA:90,0
DA:94,0
DA:96,0
DA:98,0
DA:100,0
DA:103,0
DA:105,0
DA:110,0
DA:111,0
DA:113,0
DA:115,0
DA:121,0
DA:126,0
DA:131,0
DA:132,0
DA:135,0
DA:137,0
LF:40
LH:0
end_of_record
SF:lib/features/conversation/subfeatures/private/presentation/components/companion_info_header.dart
DA:8,0
DA:12,0
DA:14,0
DA:15,0
DA:16,0
DA:18,0
DA:20,0
DA:21,0
DA:22,0
DA:23,0
DA:24,0
DA:26,0
DA:28,0
DA:29,0
DA:31,0
DA:32,0
DA:36,0
DA:38,0
DA:39,0
DA:40,0
DA:41,0
DA:48,0
DA:50,0
DA:52,0
DA:53,0
DA:54,0
DA:63,0
DA:68,0
DA:70,0
DA:71,0
DA:73,0
DA:75,0
DA:76,0
DA:77,0
DA:78,0
DA:80,0
DA:81,0
DA:84,0
DA:86,0
DA:87,0
DA:93,0
DA:95,0
DA:96,0
DA:97,0
DA:98,0
DA:100,0
DA:104,0
DA:106,0
DA:109,0
DA:110,0
DA:113,0
LF:51
LH:0
end_of_record
SF:lib/features/conversation/subfeatures/private/presentation/components/loading_shimmer.dart
DA:6,5
DA:8,0
DA:10,0
DA:12,0
DA:15,0
DA:16,0
DA:18,0
DA:20,0
DA:24,0
DA:26,0
DA:27,0
DA:39,0
DA:47,0
DA:49,0
DA:50,0
DA:52,0
DA:54,0
DA:55,0
DA:56,0
DA:59,0
DA:60,0
DA:63,0
DA:65,0
DA:66,0
DA:69,0
DA:71,0
DA:74,0
DA:78,0
DA:80,0
DA:83,0
DA:86,0
DA:87,0
DA:88,0
DA:96,0
DA:97,0
DA:98,0
LF:36
LH:1
end_of_record
SF:lib/features/conversation/subfeatures/private/presentation/components/private_header.dart
DA:15,0
DA:19,0
DA:20,0
DA:26,0
DA:28,0
DA:29,0
DA:30,0
DA:32,0
DA:34,0
DA:35,0
DA:36,0
DA:39,0
DA:40,0
DA:44,0
DA:46,0
DA:47,0
DA:48,0
DA:49,0
DA:51,0
DA:52,0
DA:53,0
DA:54,0
DA:58,0
DA:59,0
DA:61,0
DA:62,0
DA:63,0
DA:64,0
DA:68,0
DA:72,0
DA:74,0
DA:75,0
DA:76,0
DA:79,0
DA:80,0
DA:81,0
DA:84,0
DA:85,0
DA:89,0
DA:90,0
DA:93,0
DA:94,0
DA:98,0
DA:99,0
DA:100,0
DA:102,0
DA:103,0
DA:104,0
DA:105,0
DA:108,0
DA:110,0
DA:112,0
DA:114,0
LF:53
LH:0
end_of_record
SF:lib/features/conversation/subfeatures/private/presentation/components/private_messages_list.dart
DA:8,0
DA:17,0
DA:19,0
DA:23,0
DA:24,0
DA:27,0
DA:28,0
DA:30,0
DA:32,0
DA:41,0
DA:52,0
DA:55,0
DA:57,0
DA:74,0
DA:75,0
DA:76,0
DA:77,0
DA:78,0
DA:79,0
DA:80,0
DA:81,0
DA:82,0
DA:83,0
DA:87,0
LF:24
LH:0
end_of_record
SF:lib/features/conversation/subfeatures/private/presentation/modals/companion_info_modal_card.dart
DA:9,0
DA:13,0
DA:15,0
DA:16,0
DA:18,0
DA:19,0
DA:20,0
DA:21,0
DA:23,0
DA:24,0
DA:26,0
DA:28,0
DA:29,0
DA:30,0
DA:31,0
DA:32,0
DA:37,0
DA:39,0
DA:41,0
DA:42,0
DA:43,0
DA:44,0
DA:45,0
DA:48,0
DA:50,0
DA:51,0
DA:58,0
DA:59,0
DA:60,0
DA:62,0
DA:64,0
DA:66,0
DA:68,0
DA:70,0
DA:72,0
DA:73,0
DA:75,0
DA:77,0
DA:82,0
DA:84,0
DA:85,0
DA:92,0
DA:93,0
DA:94,0
DA:98,0
DA:101,0
DA:105,0
DA:108,0
DA:112,0
DA:131,0
DA:144,0
DA:146,0
DA:147,0
DA:148,0
DA:149,0
DA:152,0
DA:156,0
DA:157,0
DA:160,0
DA:164,0
DA:165,0
DA:168,0
DA:172,0
DA:173,0
DA:176,0
LF:65
LH:0
end_of_record
SF:lib/features/conversation/subfeatures/private/presentation/screens/private_conversation_screen.dart
DA:14,0
DA:23,0
DA:25,0
DA:26,0
DA:27,0
DA:28,0
DA:29,0
DA:31,0
DA:32,0
DA:33,0
DA:34,0
DA:38,0
DA:39,0
DA:40,0
DA:41,0
DA:42,0
DA:44,0
DA:45,0
DA:46,0
DA:47,0
DA:48,0
DA:52,0
DA:53,0
DA:54,0
DA:55,0
DA:57,0
DA:58,0
DA:61,0
DA:62,0
DA:64,0
DA:65,0
DA:66,0
DA:70,0
DA:77,0
DA:81,0
DA:83,0
DA:84,0
DA:86,0
DA:88,0
DA:89,0
DA:90,0
DA:91,0
DA:93,0
DA:96,0
DA:97,0
DA:99,0
DA:100,0
DA:101,0
DA:102,0
DA:103,0
DA:104,0
DA:110,0
DA:111,0
DA:113,0
DA:117,0
DA:118,0
DA:119,0
DA:120,0
DA:123,0
DA:125,0
DA:126,0
DA:128,0
DA:137,0
LF:63
LH:0
end_of_record
SF:lib/features/conversations/data/models/conversation_tile.dart
DA:8,0
DA:18,0
DA:19,0
DA:20,0
DA:21,0
DA:23,0
DA:24,0
DA:26,0
DA:30,0
DA:31,0
DA:32,0
DA:33,0
DA:36,0
DA:41,0
DA:42,0
DA:43,0
DA:44,0
DA:48,0
DA:49,0
LF:19
LH:0
end_of_record
SF:lib/features/conversations/data/repositories/conversations_list_repo/mock_conversations_list_repo.dart
DA:14,0
DA:17,0
DA:22,0
DA:24,0
DA:26,0
DA:28,0
DA:30,0
DA:32,0
DA:36,0
DA:38,0
DA:39,0
DA:43,0
DA:46,0
DA:48,0
DA:49,0
DA:153,0
DA:155,0
DA:156,0
DA:157,0
DA:160,0
DA:164,0
DA:165,0
DA:166,0
DA:170,0
DA:171,0
DA:174,0
DA:175,0
DA:176,0
DA:179,0
DA:182,0
DA:183,0
DA:190,0
DA:193,0
DA:198,0
DA:199,0
LF:35
LH:0
end_of_record
SF:lib/features/conversations/domain/interactors/conversations_list_interactor.dart
DA:5,0
DA:11,0
DA:12,0
DA:13,0
LF:4
LH:0
end_of_record
SF:lib/features/conversations/domain/models/conversation_tile.dart
DA:9,0
DA:19,0
DA:20,0
DA:21,0
DA:22,0
DA:23,0
DA:25,0
DA:29,0
DA:34,0
DA:35,0
DA:36,0
DA:37,0
DA:41,0
DA:42,0
LF:14
LH:0
end_of_record
SF:lib/features/conversations/presentation/blocs/all_conversations_list_bloc/all_conversations_list_event.dart
DA:4,5
DA:6,0
DA:7,0
DA:11,5
DA:13,0
DA:14,0
DA:19,0
DA:23,0
DA:24,0
DA:29,0
DA:35,0
DA:36,0
DA:41,0
DA:47,0
DA:48,0
DA:53,0
DA:59,0
DA:60,0
LF:18
LH:2
end_of_record
SF:lib/features/conversations/presentation/blocs/all_conversations_list_bloc/all_conversations_list_state.dart
DA:4,5
DA:8,0
DA:9,0
DA:13,5
DA:15,0
DA:16,0
DA:20,0
DA:24,0
DA:25,0
DA:29,0
DA:40,0
DA:45,0
DA:46,0
DA:47,0
DA:48,0
DA:49,0
DA:53,0
DA:54,0
DA:55,0
DA:56,0
DA:57,0
DA:58,0
DA:63,0
DA:65,0
DA:66,0
LF:25
LH:2
end_of_record
SF:lib/features/conversations/presentation/blocs/all_conversations_list_bloc/all_conversations_list_bloc.dart
DA:15,0
DA:22,0
DA:23,0
DA:24,0
DA:25,0
DA:26,0
DA:27,0
DA:29,0
DA:30,0
DA:40,0
DA:47,0
DA:49,0
DA:50,0
DA:51,0
DA:56,0
DA:58,0
DA:60,0
DA:61,0
DA:62,0
DA:72,0
DA:73,0
DA:76,0
DA:77,0
DA:78,0
DA:83,0
DA:85,0
DA:87,0
DA:88,0
DA:93,0
DA:97,0
DA:101,0
DA:102,0
DA:105,0
DA:108,0
DA:112,0
DA:114,0
DA:118,0
DA:122,0
DA:124,0
DA:127,0
DA:129,0
DA:130,0
DA:131,0
DA:136,0
DA:137,0
DA:138,0
DA:143,0
DA:144,0
DA:145,0
DA:146,0
DA:153,0
DA:157,0
DA:159,0
DA:163,0
DA:164,0
DA:165,0
DA:168,0
DA:171,0
DA:175,0
DA:177,0
DA:182,0
DA:183,0
DA:184,0
DA:185,0
DA:186,0
DA:190,0
DA:192,0
DA:195,0
DA:199,0
DA:201,0
DA:206,0
DA:207,0
DA:208,0
DA:209,0
DA:211,0
DA:213,0
DA:216,0
DA:218,0
DA:219,0
LF:79
LH:0
end_of_record
SF:lib/features/conversations/presentation/components/chips_bar.dart
DA:9,5
DA:11,0
DA:13,0
DA:14,0
DA:16,0
DA:17,0
DA:19,0
DA:21,0
DA:22,0
DA:24,0
DA:26,0
DA:27,0
DA:28,0
DA:29,0
DA:32,0
DA:41,0
DA:43,0
DA:44,0
DA:45,0
DA:46,0
DA:49,0
DA:58,0
DA:60,0
DA:61,0
DA:62,0
LF:25
LH:1
end_of_record
SF:lib/features/conversations/presentation/components/conversation_list_tile.dart
DA:9,0
DA:22,0
DA:24,0
DA:25,0
DA:27,0
DA:28,0
DA:29,0
DA:31,0
DA:32,0
DA:33,0
DA:35,0
DA:36,0
DA:43,0
DA:44,0
DA:46,0
DA:49,0
DA:50,0
DA:51,0
DA:54,0
DA:56,0
DA:57,0
DA:62,0
DA:69,0
DA:70,0
DA:71,0
DA:73,0
DA:74,0
DA:75,0
DA:76,0
DA:78,0
DA:80,0
DA:81,0
DA:85,0
DA:86,0
DA:87,0
DA:88,0
DA:90,0
DA:91,0
DA:92,0
DA:94,0
DA:96,0
DA:97,0
DA:98,0
DA:101,0
DA:102,0
DA:104,0
DA:105,0
DA:107,0
DA:111,0
DA:113,0
DA:117,0
DA:118,0
DA:125,0
DA:127,0
DA:129,0
DA:130,0
DA:143,0
DA:147,0
DA:149,0
DA:152,0
LF:60
LH:0
end_of_record
SF:lib/features/conversations/presentation/screens/conversations_list_panel.dart
DA:15,0
DA:19,0
DA:21,0
DA:22,0
DA:23,0
DA:24,0
DA:25,0
DA:29,0
DA:30,0
DA:31,0
DA:32,0
DA:33,0
DA:35,0
DA:36,0
DA:37,0
DA:40,0
DA:47,0
DA:51,0
DA:52,0
DA:62,0
DA:64,0
DA:65,0
DA:67,0
DA:69,0
DA:70,0
DA:71,0
DA:72,0
DA:73,0
DA:75,0
DA:78,0
DA:80,0
DA:82,0
DA:84,0
DA:85,0
DA:86,0
DA:88,0
DA:92,0
DA:95,0
DA:99,0
DA:100,0
DA:103,0
DA:105,0
DA:115,0
DA:116,0
DA:121,0
DA:123,0
DA:125,0
DA:131,0
DA:132,0
DA:133,0
DA:134,0
DA:135,0
DA:136,0
DA:138,0
DA:142,0
DA:143,0
DA:144,0
DA:145,0
DA:146,0
DA:157,0
DA:165,0
DA:167,0
DA:169,0
DA:170,0
DA:172,0
DA:173,0
DA:174,0
DA:178,0
DA:179,0
DA:181,0
DA:185,0
DA:186,0
DA:188,0
DA:192,0
DA:194,0
DA:195,0
DA:196,0
DA:197,0
DA:198,0
DA:201,0
DA:202,0
DA:204,0
DA:207,0
DA:208,0
DA:209,0
DA:210,0
DA:211,0
DA:212,0
DA:213,0
DA:224,0
LF:90
LH:0
end_of_record
SF:lib/features/conversations/subfeatures/unified_search/data/models/unified_search_result.dart
DA:8,5
DA:16,0
DA:17,0
DA:18,0
DA:19,0
DA:20,0
DA:21,0
DA:23,0
DA:24,0
DA:25,0
DA:26,0
DA:27,0
DA:29,0
DA:33,0
DA:34,0
DA:35,0
DA:36,0
DA:37,0
DA:38,0
DA:42,0
DA:43,0
LF:21
LH:1
end_of_record
SF:lib/features/conversations/subfeatures/unified_search/data/repositories/unified_search_repo/mock_unified_search_repo.dart
DA:6,0
DA:11,0
DA:16,0
DA:17,0
LF:4
LH:0
end_of_record
SF:lib/features/conversations/subfeatures/unified_search/domain/models/unified_search_result.dart
DA:10,0
DA:18,0
DA:19,0
DA:20,0
DA:21,0
DA:22,0
DA:23,0
DA:24,0
DA:25,0
DA:26,0
DA:28,0
DA:32,0
DA:33,0
LF:13
LH:0
end_of_record
SF:lib/features/conversations/subfeatures/unified_search/domain/interactors/unified_search_interactor.dart
DA:5,0
DA:10,0
DA:14,0
LF:3
LH:0
end_of_record
SF:lib/features/conversations/subfeatures/unified_search/presentation/blocs/unified_search_bloc/unified_search_state.dart
DA:4,5
DA:10,5
DA:12,0
DA:13,0
DA:17,0
DA:21,0
DA:22,0
DA:26,0
DA:41,0
DA:49,0
DA:50,0
DA:51,0
DA:52,0
DA:53,0
DA:54,0
DA:59,0
DA:60,0
DA:61,0
DA:62,0
DA:63,0
DA:64,0
DA:65,0
DA:66,0
DA:71,0
DA:78,0
DA:79,0
LF:26
LH:2
end_of_record
SF:lib/features/conversations/subfeatures/unified_search/presentation/blocs/unified_search_bloc/unified_search_event.dart
DA:4,5
DA:8,0
DA:12,0
DA:13,0
DA:17,5
DA:19,0
DA:20,0
DA:24,0
DA:28,0
DA:29,0
LF:10
LH:2
end_of_record
SF:lib/features/conversations/subfeatures/unified_search/presentation/blocs/unified_search_bloc/unified_search_bloc.dart
DA:15,0
DA:16,0
DA:17,0
DA:22,0
DA:27,0
DA:28,0
DA:29,0
DA:30,0
DA:35,0
DA:36,0
DA:37,0
DA:40,0
DA:48,0
DA:53,0
DA:55,0
DA:56,0
DA:60,0
DA:62,0
DA:66,0
DA:68,0
DA:69,0
DA:77,0
DA:79,0
DA:81,0
DA:82,0
DA:87,0
DA:91,0
DA:96,0
DA:101,0
DA:103,0
DA:107,0
DA:109,0
DA:111,0
DA:112,0
DA:116,0
DA:117,0
DA:121,0
DA:123,0
DA:124,0
DA:132,0
DA:134,0
DA:136,0
DA:137,0
DA:142,0
DA:143,0
DA:144,0
DA:145,0
DA:146,0
DA:155,0
DA:156,0
DA:157,0
DA:161,0
DA:165,0
DA:166,0
DA:167,0
DA:168,0
DA:171,0
DA:172,0
DA:173,0
DA:176,0
DA:177,0
DA:178,0
DA:181,0
DA:182,0
DA:183,0
DA:187,0
DA:191,0
LF:67
LH:0
end_of_record
SF:lib/features/conversations/subfeatures/unified_search/presentation/components/unified_search_header.dart
DA:6,5
DA:8,0
DA:10,0
DA:11,0
DA:12,0
DA:14,0
DA:16,0
DA:17,0
DA:18,0
DA:20,0
DA:21,0
DA:24,0
DA:25,0
DA:31,0
DA:34,0
LF:15
LH:1
end_of_record
SF:lib/features/conversations/subfeatures/unified_search/presentation/components/search_result_tile.dart
DA:8,0
DA:17,0
DA:19,0
DA:20,0
DA:27,0
DA:28,0
DA:29,0
DA:30,0
DA:31,0
DA:34,0
DA:35,0
DA:36,0
DA:41,0
DA:43,0
DA:44,0
DA:45,0
DA:46,0
DA:48,0
DA:50,0
DA:51,0
DA:52,0
DA:54,0
DA:55,0
DA:58,0
DA:59,0
DA:60,0
DA:61,0
DA:63,0
DA:67,0
DA:68,0
DA:75,0
DA:77,0
DA:81,0
DA:82,0
LF:34
LH:0
end_of_record
SF:lib/features/conversations/subfeatures/unified_search/presentation/modals/unified_search_modal_card.dart
DA:11,5
DA:13,0
DA:15,0
DA:16,0
DA:17,0
DA:18,0
DA:20,0
DA:26,5
DA:28,0
DA:29,0
DA:35,0
DA:37,0
DA:38,0
DA:40,0
DA:43,0
DA:44,0
DA:45,0
DA:49,0
DA:50,0
DA:51,0
DA:52,0
DA:57,0
DA:59,0
DA:60,0
DA:63,0
DA:65,0
DA:66,0
DA:68,0
DA:69,0
DA:71,0
DA:73,0
DA:74,0
DA:75,0
DA:77,0
DA:79,0
DA:81,0
DA:82,0
DA:83,0
DA:86,0
DA:87,0
DA:88,0
DA:91,0
DA:92,0
DA:93,0
DA:96,0
DA:97,0
DA:98,0
DA:103,0
DA:104,0
DA:106,0
DA:107,0
DA:110,0
DA:111,0
DA:113,0
DA:121,0
DA:136,0
DA:140,0
DA:142,0
DA:143,0
DA:145,0
DA:146,0
DA:148,0
DA:152,0
DA:153,0
DA:154,0
DA:156,0
DA:161,0
DA:166,0
DA:168,0
DA:169,0
DA:170,0
DA:175,0
DA:178,0
DA:180,0
DA:181,0
DA:186,0
DA:188,0
DA:190,0
DA:191,0
DA:193,0
DA:194,0
DA:197,0
DA:200,0
DA:207,0
DA:210,0
DA:211,0
DA:217,0
DA:218,0
DA:219,0
DA:223,0
DA:224,0
DA:226,0
DA:229,0
DA:231,0
DA:238,0
DA:246,0
DA:256,0
DA:258,0
DA:259,0
DA:261,0
DA:263,0
DA:264,0
DA:266,0
DA:268,0
DA:269,0
DA:270,0
DA:272,0
DA:273,0
DA:274,0
DA:275,0
DA:281,0
DA:282,0
DA:283,0
DA:284,0
DA:285,0
LF:115
LH:2
end_of_record
SF:lib/features/conversations/subfeatures/unified_search/presentation/models/unified_search_list_item.dart
DA:7,0
DA:13,0
DA:14,0
DA:20,0
DA:21,0
LF:5
LH:0
end_of_record
SF:lib/features/home/presentation/components/sidebar.dart
DA:12,0
DA:16,0
DA:17,0
DA:28,0
DA:30,0
DA:31,0
DA:32,0
DA:33,0
DA:36,0
DA:39,0
DA:40,0
DA:41,0
DA:45,0
DA:47,0
DA:48,0
DA:50,0
DA:53,0
DA:54,0
DA:55,0
DA:56,0
DA:58,0
DA:60,0
DA:63,0
DA:64,0
DA:66,0
DA:67,0
DA:68,0
DA:69,0
DA:70,0
DA:72,0
DA:73,0
DA:77,0
DA:78,0
DA:84,0
DA:85,0
DA:87,0
DA:90,0
DA:96,0
DA:97,0
DA:98,0
DA:102,0
DA:106,0
DA:107,0
DA:108,0
DA:110,0
DA:112,0
DA:113,0
DA:116,0
DA:117,0
DA:119,0
DA:121,0
DA:122,0
DA:131,0
DA:132,0
DA:138,0
DA:139,0
DA:140,0
DA:141,0
DA:143,0
DA:145,0
DA:146,0
DA:149,0
DA:154,0
DA:155,0
DA:157,0
DA:159,0
DA:160,0
DA:166,0
LF:68
LH:0
end_of_record
SF:lib/features/home/presentation/components/sidebar_item.dart
DA:6,0
DA:21,0
DA:23,0
DA:24,0
DA:26,0
DA:27,0
DA:28,0
DA:31,0
DA:33,0
DA:34,0
DA:35,0
DA:36,0
DA:39,0
DA:40,0
DA:41,0
DA:43,0
DA:44,0
DA:45,0
DA:47,0
DA:49,0
DA:50,0
DA:53,0
DA:54,0
DA:58,0
DA:59,0
DA:62,0
DA:63,0
DA:65,0
DA:66,0
DA:67,0
DA:70,0
DA:72,0
DA:73,0
DA:74,0
DA:78,0
DA:79,0
DA:80,0
DA:81,0
LF:38
LH:0
end_of_record
SF:lib/features/home/presentation/screens/home_page_screen.dart
DA:5,5
DA:7,0
DA:9,0
DA:10,0
DA:12,0
DA:14,0
DA:16,0
DA:18,0
DA:20,0
DA:21,0
DA:23,0
DA:24,0
DA:28,0
DA:30,0
DA:31,0
DA:36,0
DA:37,0
DA:39,0
DA:40,0
DA:41,0
DA:44,0
DA:45,0
DA:46,0
DA:52,0
DA:53,0
DA:59,0
DA:60,0
DA:70,0
DA:72,0
DA:74,0
DA:75,0
DA:77,0
DA:78,0
DA:82,0
DA:85,0
DA:106,0
DA:108,0
DA:140,0
DA:142,0
DA:145,0
DA:146,0
DA:152,0
DA:155,0
DA:163,0
DA:165,0
DA:166,0
DA:187,5
DA:193,0
DA:195,0
DA:196,0
DA:198,0
DA:200,0
DA:201,0
DA:202,0
DA:203,0
DA:204,0
DA:205,0
DA:206,0
DA:212,0
DA:214,0
DA:215,0
DA:216,0
DA:217,0
DA:218,0
DA:221,0
DA:223,0
DA:224,0
DA:225,0
DA:226,0
DA:230,0
DA:231,0
DA:239,5
DA:249,0
DA:251,0
DA:252,0
DA:254,0
DA:255,0
DA:256,0
DA:257,0
DA:258,0
DA:259,0
DA:260,0
DA:264,0
DA:265,0
DA:266,0
DA:267,0
DA:276,5
DA:288,0
DA:290,0
DA:291,0
DA:293,0
DA:295,0
DA:296,0
DA:299,0
DA:300,0
DA:301,0
DA:303,0
DA:306,0
DA:307,0
DA:309,0
DA:310,0
DA:311,0
DA:312,0
DA:315,0
DA:316,0
DA:317,0
DA:318,0
DA:325,0
DA:326,0
DA:327,0
LF:110
LH:4
end_of_record
SF:lib/features/home/presentation/screens/panel_screen.dart
DA:8,0
DA:12,0
DA:14,0
DA:15,0
DA:17,0
DA:18,0
DA:19,0
DA:20,0
DA:21,0
DA:22,0
LF:10
LH:0
end_of_record
SF:lib/features/message/data/models/message.dart
DA:7,0
DA:41,0
DA:42,0
DA:44,0
DA:45,0
DA:46,0
DA:48,0
DA:51,0
DA:52,0
DA:53,0
DA:54,0
DA:56,0
DA:60,0
DA:65,0
DA:66,0
DA:67,0
DA:69,0
DA:71,0
DA:72,0
DA:73,0
DA:74,0
DA:75,0
DA:76,0
DA:78,0
DA:79,0
DA:80,0
DA:81,0
DA:82,0
DA:83,0
DA:84,0
DA:85,0
DA:86,0
DA:90,0
DA:91,0
DA:92,0
DA:93,0
DA:94,0
DA:95,0
DA:96,0
DA:97,0
DA:98,0
DA:99,0
DA:100,0
DA:101,0
DA:102,0
DA:103,0
DA:104,0
DA:105,0
DA:106,0
DA:107,0
DA:110,0
DA:127,0
DA:128,0
DA:129,0
DA:130,0
DA:131,0
DA:132,0
DA:133,0
DA:134,0
DA:135,0
DA:136,0
DA:137,0
DA:138,0
DA:139,0
DA:140,0
DA:141,0
DA:142,0
DA:146,0
DA:147,0
DA:148,0
DA:149,0
DA:150,0
DA:151,0
DA:152,0
DA:153,0
DA:154,0
DA:155,0
DA:156,0
DA:157,0
DA:158,0
DA:159,0
DA:160,0
DA:161,0
DA:162,0
LF:84
LH:0
end_of_record
SF:lib/features/message/data/models/message_attachment.dart
DA:6,0
DA:24,0
DA:25,0
DA:26,0
DA:27,0
DA:28,0
DA:31,0
DA:32,0
DA:33,0
DA:34,0
DA:35,0
DA:36,0
DA:37,0
DA:38,0
DA:39,0
DA:40,0
DA:44,0
DA:45,0
DA:46,0
DA:47,0
DA:48,0
DA:49,0
DA:50,0
DA:51,0
DA:54,0
DA:63,0
DA:64,0
DA:65,0
DA:66,0
DA:67,0
DA:68,0
DA:69,0
DA:70,0
DA:74,0
DA:75,0
DA:76,0
DA:77,0
DA:78,0
DA:79,0
DA:80,0
DA:81,0
DA:82,0
LF:42
LH:0
end_of_record
SF:lib/features/message/data/models/message_read.dart
DA:6,0
DA:18,0
DA:19,0
DA:20,0
DA:21,0
DA:22,0
DA:25,0
DA:26,0
DA:27,0
DA:28,0
DA:29,0
DA:33,0
DA:34,0
DA:35,0
DA:36,0
DA:37,0
DA:40,0
DA:46,0
DA:47,0
DA:48,0
DA:49,0
DA:50,0
DA:54,0
DA:55,0
DA:56,0
DA:57,0
DA:58,0
DA:59,0
LF:28
LH:0
end_of_record
SF:lib/features/message/domain/models/enums.dart
DA:12,0
DA:13,0
DA:15,0
DA:16,0
DA:17,0
DA:18,0
DA:19,0
LF:7
LH:0
end_of_record
SF:lib/features/message/domain/models/message.dart
DA:8,0
DA:43,0
DA:44,0
DA:45,0
DA:46,0
DA:48,0
DA:49,0
DA:50,0
DA:51,0
DA:52,0
DA:53,0
DA:54,0
DA:55,0
DA:56,0
DA:57,0
DA:58,0
DA:59,0
DA:61,0
DA:62,0
DA:63,0
DA:64,0
DA:65,0
DA:66,0
DA:67,0
DA:68,0
DA:69,0
DA:73,0
DA:90,0
DA:91,0
DA:92,0
DA:93,0
DA:94,0
DA:95,0
DA:96,0
DA:97,0
DA:98,0
DA:99,0
DA:100,0
DA:101,0
DA:102,0
DA:103,0
DA:104,0
DA:105,0
DA:109,0
DA:110,0
DA:111,0
DA:112,0
DA:113,0
DA:114,0
DA:115,0
DA:116,0
DA:117,0
DA:118,0
DA:119,0
DA:120,0
DA:121,0
DA:122,0
DA:123,0
DA:124,0
DA:125,0
LF:60
LH:0
end_of_record
SF:lib/features/message/domain/models/message_attachment.dart
DA:7,0
DA:25,0
DA:26,0
DA:28,0
DA:29,0
DA:30,0
DA:31,0
DA:32,0
DA:33,0
DA:34,0
DA:35,0
DA:36,0
DA:40,0
DA:41,0
DA:42,0
DA:43,0
DA:44,0
DA:45,0
DA:46,0
DA:47,0
DA:48,0
DA:52,0
DA:61,0
DA:62,0
DA:63,0
DA:64,0
DA:65,0
DA:66,0
DA:67,0
DA:68,0
DA:72,0
DA:73,0
DA:74,0
DA:75,0
DA:76,0
DA:77,0
DA:78,0
DA:79,0
DA:80,0
LF:39
LH:0
end_of_record
SF:lib/features/message/domain/models/message_read.dart
DA:7,0
DA:20,0
DA:21,0
DA:22,0
DA:23,0
DA:24,0
DA:25,0
DA:30,0
DA:31,0
DA:32,0
DA:33,0
DA:34,0
DA:35,0
DA:39,0
DA:45,0
DA:46,0
DA:47,0
DA:48,0
DA:49,0
DA:53,0
DA:54,0
LF:21
LH:0
end_of_record
SF:lib/features/message/presentation/components/message_bubble.dart
DA:11,0
DA:33,0
DA:34,0
DA:38,0
DA:43,0
DA:45,0
DA:46,0
DA:49,0
DA:50,0
DA:52,0
DA:53,0
DA:58,0
DA:60,0
DA:61,0
DA:62,0
DA:65,0
DA:66,0
DA:68,0
DA:69,0
DA:71,0
DA:73,0
DA:75,0
DA:77,0
DA:79,0
DA:81,0
DA:83,0
DA:85,0
DA:86,0
DA:88,0
DA:90,0
DA:92,0
DA:93,0
DA:95,0
DA:97,0
DA:100,0
DA:104,0
DA:105,0
DA:111,0
DA:112,0
DA:117,0
DA:120,0
DA:122,0
DA:123,0
DA:125,0
DA:135,0
DA:143,0
DA:144,0
DA:147,0
DA:148,0
DA:151,0
DA:152,0
DA:156,0
DA:157,0
DA:159,0
DA:160,0
DA:163,0
DA:166,0
DA:167,0
DA:170,0
DA:171,0
DA:174,0
DA:175,0
DA:178,0
DA:179,0
DA:181,0
DA:182,0
DA:183,0
DA:185,0
DA:186,0
DA:187,0
DA:188,0
DA:190,0
DA:193,0
DA:197,0
DA:200,0
DA:201,0
DA:202,0
DA:203,0
DA:206,0
DA:210,0
DA:213,0
DA:214,0
DA:216,0
DA:217,0
DA:218,0
DA:220,0
DA:221,0
DA:225,0
DA:226,0
DA:227,0
DA:228,0
DA:230,0
DA:232,0
DA:233,0
DA:247,0
DA:248,0
DA:253,0
LF:97
LH:0
end_of_record
SF:lib/features/message/presentation/components/message_context_menu.dart
DA:8,0
DA:23,0
DA:25,0
DA:27,0
DA:29,0
DA:30,0
DA:32,0
DA:34,0
DA:36,0
DA:39,0
DA:41,0
DA:44,0
DA:45,0
DA:47,0
DA:48,0
DA:49,0
DA:50,0
DA:52,0
DA:53,0
DA:56,0
DA:59,0
DA:61,0
DA:62,0
DA:63,0
DA:64,0
DA:65,0
DA:66,0
DA:68,0
DA:69,0
DA:70,0
DA:76,0
DA:77,0
DA:78,0
DA:80,0
DA:81,0
DA:82,0
DA:83,0
DA:84,0
DA:85,0
DA:86,0
DA:87,0
DA:88,0
DA:89,0
LF:43
LH:0
end_of_record
SF:lib/features/message/presentation/components/message_context_menu_item.dart
DA:6,0
DA:21,0
DA:22,0
DA:28,0
DA:29,0
DA:32,0
DA:33,0
DA:37,0
DA:38,0
DA:39,0
DA:43,0
DA:45,0
DA:46,0
DA:48,0
DA:49,0
DA:50,0
DA:52,0
DA:53,0
DA:54,0
DA:56,0
DA:57,0
DA:58,0
DA:59,0
DA:62,0
DA:63,0
DA:64,0
DA:67,0
DA:68,0
DA:69,0
DA:73,0
DA:74,0
DA:75,0
DA:80,0
DA:81,0
DA:82,0
DA:84,0
DA:85,0
DA:86,0
DA:87,0
LF:39
LH:0
end_of_record
SF:lib/features/message/presentation/components/message_delivery_status_indicator.dart
DA:6,0
DA:15,0
DA:17,0
DA:18,0
DA:19,0
DA:20,0
DA:21,0
DA:22,0
DA:23,0
DA:29,0
DA:32,0
DA:34,0
DA:35,0
DA:36,0
DA:37,0
DA:38,0
DA:39,0
LF:17
LH:0
end_of_record
SF:lib/features/message/presentation/components/message_text.dart
DA:8,0
DA:21,0
DA:24,0
DA:26,0
DA:30,0
DA:32,0
DA:33,0
DA:34,0
DA:35,0
DA:36,0
DA:37,0
DA:38,0
DA:39,0
DA:40,0
DA:46,0
DA:47,0
DA:48,0
DA:49,0
DA:50,0
DA:51,0
DA:58,0
DA:67,0
DA:81,0
DA:83,0
DA:87,0
DA:88,0
DA:92,0
DA:93,0
DA:96,0
DA:99,0
DA:101,0
DA:103,0
DA:107,0
DA:108,0
DA:109,0
DA:110,0
DA:118,0
DA:122,0
DA:127,0
DA:137,0
DA:139,0
DA:143,0
DA:148,0
DA:151,0
DA:153,0
DA:155,0
DA:157,0
DA:158,0
DA:159,0
DA:161,0
DA:162,0
DA:163,0
DA:164,0
DA:165,0
DA:169,0
DA:171,0
LF:56
LH:0
end_of_record
SF:lib/features/message/presentation/models/message_context_menu_action.dart
DA:4,0
LF:1
LH:0
end_of_record
SF:lib/features/message/presentation/utils/message_context_menu_controller.dart
DA:5,0
DA:9,0
DA:11,0
DA:16,0
DA:18,0
DA:20,0
DA:21,0
DA:22,0
DA:25,0
DA:30,0
DA:33,0
DA:34,0
DA:35,0
DA:38,0
DA:39,0
LF:15
LH:0
end_of_record
SF:lib/features/message/subfeatures/emoji_selector/presentation/components/emoji_button.dart
DA:9,0
DA:13,0
DA:14,0
DA:27,0
DA:29,0
DA:30,0
DA:31,0
DA:32,0
DA:35,0
DA:36,0
DA:37,0
DA:39,0
DA:40,0
DA:43,0
DA:44,0
DA:49,0
DA:50,0
DA:51,0
DA:53,0
DA:54,0
DA:57,0
DA:58,0
DA:59,0
DA:64,0
DA:65,0
DA:66,0
DA:67,0
DA:69,0
DA:73,0
DA:74,0
DA:78,0
DA:79,0
DA:81,0
DA:82,0
DA:84,0
DA:87,0
DA:88,0
DA:90,0
DA:91,0
DA:93,0
DA:94,0
DA:97,0
DA:98,0
DA:100,0
DA:103,0
DA:104,0
DA:106,0
DA:107,0
DA:108,0
DA:109,0
DA:111,0
DA:112,0
DA:114,0
DA:116,0
DA:122,0
DA:124,0
DA:125,0
DA:126,0
DA:127,0
DA:129,0
DA:130,0
DA:131,0
DA:133,0
DA:134,0
DA:136,0
DA:137,0
DA:138,0
LF:67
LH:0
end_of_record
SF:lib/features/message/subfeatures/emoji_selector/presentation/components/emoji_selector_bottom_bar.dart
DA:6,0
DA:10,0
DA:12,0
DA:14,0
DA:16,0
DA:17,0
DA:18,0
DA:19,0
DA:22,0
DA:25,0
DA:26,0
DA:29,0
DA:30,0
DA:31,0
DA:32,0
DA:33,0
DA:40,0
DA:42,0
DA:44,0
DA:46,0
DA:48,0
DA:50,0
DA:52,0
DA:54,0
DA:56,0
DA:63,0
DA:71,0
DA:73,0
DA:80,0
DA:82,0
DA:84,0
DA:86,0
DA:87,0
DA:88,0
DA:90,0
DA:91,0
DA:97,0
DA:98,0
DA:99,0
DA:101,0
DA:104,0
DA:105,0
DA:107,0
LF:43
LH:0
end_of_record
SF:lib/features/message/subfeatures/emoji_selector/presentation/components/emoji_selector_overlay.dart
DA:10,0
DA:25,0
DA:27,0
DA:28,0
DA:30,0
DA:32,0
DA:34,0
DA:37,0
DA:39,0
DA:42,0
DA:43,0
DA:45,0
DA:46,0
DA:47,0
DA:48,0
DA:50,0
DA:51,0
DA:54,0
DA:58,0
DA:59,0
DA:60,0
DA:61,0
DA:62,0
DA:74,0
DA:82,0
DA:83,0
DA:97,0
DA:99,0
DA:101,0
DA:102,0
DA:112,0
DA:115,0
DA:117,0
DA:118,0
DA:119,0
DA:120,0
DA:121,0
DA:124,0
DA:125,0
DA:126,0
DA:129,0
DA:132,0
DA:134,0
DA:136,0
DA:137,0
DA:138,0
DA:139,0
DA:140,0
DA:141,0
DA:142,0
DA:144,0
DA:145,0
DA:146,0
DA:147,0
DA:148,0
DA:149,0
DA:150,0
DA:152,0
DA:153,0
DA:154,0
DA:155,0
DA:156,0
DA:157,0
DA:158,0
DA:159,0
DA:160,0
DA:164,0
DA:172,0
DA:173,0
DA:174,0
DA:177,0
DA:178,0
DA:179,0
DA:180,0
DA:181,0
DA:182,0
DA:183,0
DA:188,0
DA:189,0
DA:190,0
DA:193,0
DA:194,0
DA:199,0
DA:207,0
DA:208,0
DA:209,0
DA:210,0
DA:212,0
DA:213,0
DA:215,0
DA:216,0
DA:217,0
DA:218,0
DA:219,0
DA:224,0
DA:225,0
DA:227,0
DA:229,0
DA:236,0
DA:250,0
DA:252,0
DA:253,0
DA:254,0
DA:255,0
DA:259,0
DA:261,0
DA:263,0
DA:264,0
DA:265,0
DA:266,0
DA:268,0
DA:270,0
DA:271,0
DA:275,0
DA:276,0
DA:278,0
DA:280,0
DA:289,0
DA:294,0
DA:300,0
DA:302,0
DA:303,0
DA:304,0
DA:305,0
DA:307,0
DA:316,0
DA:318,0
DA:319,0
DA:320,0
DA:322,0
DA:331,0
DA:332,0
DA:333,0
DA:334,0
DA:335,0
DA:336,0
DA:344,0
DA:345,0
DA:347,0
DA:348,0
DA:351,0
DA:356,0
DA:360,0
DA:362,0
DA:363,0
DA:365,0
DA:367,0
DA:368,0
DA:369,0
DA:370,0
DA:378,0
DA:379,0
DA:380,0
DA:381,0
DA:389,0
DA:390,0
DA:392,0
DA:393,0
DA:395,0
DA:396,0
DA:398,0
DA:400,0
DA:401,0
DA:402,0
DA:403,0
DA:407,0
DA:411,0
DA:414,0
DA:415,0
DA:416,0
DA:417,0
DA:418,0
DA:419,0
DA:420,0
DA:421,0
DA:422,0
DA:423,0
DA:424,0
DA:425,0
DA:426,0
DA:427,0
DA:428,0
DA:429,0
DA:433,0
DA:437,0
DA:440,0
DA:441,0
DA:442,0
DA:443,0
LF:189
LH:0
end_of_record
SF:lib/features/message/subfeatures/emoji_selector/presentation/components/emoji_selector_header.dart
DA:6,0
DA:15,0
DA:17,0
DA:18,0
DA:19,0
DA:21,0
DA:23,0
DA:25,0
DA:26,0
DA:29,0
DA:32,0
DA:33,0
DA:35,0
DA:36,0
DA:37,0
DA:38,0
DA:39,0
DA:42,0
DA:46,0
DA:47,0
DA:48,0
DA:58,0
DA:60,0
DA:63,0
LF:24
LH:0
end_of_record
SF:lib/features/message/subfeatures/emoji_selector/presentation/components/emoji_tile.dart
DA:6,0
DA:11,0
DA:13,0
DA:15,0
DA:17,0
DA:19,0
DA:20,0
DA:21,0
DA:30,0
DA:38,0
DA:40,0
DA:46,0
DA:47,0
DA:50,0
DA:53,0
DA:55,0
DA:56,0
DA:59,0
DA:60,0
DA:61,0
DA:62,0
DA:63,0
DA:64,0
DA:67,0
DA:68,0
DA:69,0
DA:71,0
DA:76,0
DA:84,5
DA:86,0
DA:89,0
DA:91,0
DA:93,0
LF:33
LH:1
end_of_record
SF:lib/features/message/subfeatures/emoji_selector/presentation/models/emoji_category.dart
DA:13,5
LF:1
LH:1
end_of_record
SF:lib/features/message/subfeatures/emoji_selector/presentation/models/emoji_section_data.dart
DA:4,0
LF:1
LH:0
end_of_record
SF:lib/features/message/subfeatures/emoji_selector/presentation/utils/emoji_selector_controller.dart
DA:6,0
DA:18,0
DA:20,0
DA:27,0
DA:28,0
DA:29,0
DA:31,0
DA:33,0
DA:34,0
DA:37,0
DA:38,0
DA:41,0
DA:42,0
DA:43,0
DA:45,0
DA:46,0
DA:49,0
DA:50,0
DA:54,0
DA:56,0
DA:57,0
DA:58,0
DA:60,0
DA:61,0
DA:62,0
DA:63,0
DA:65,0
DA:68,0
DA:69,0
DA:70,0
DA:71,0
DA:72,0
DA:74,0
DA:82,0
DA:87,0
DA:90,0
DA:91,0
DA:92,0
DA:103,0
LF:39
LH:0
end_of_record
SF:lib/features/message/subfeatures/message_input/domain/models/enums.dart
DA:13,0
DA:14,0
DA:16,0
DA:17,0
DA:18,0
DA:19,0
LF:6
LH:0
end_of_record
SF:lib/features/message/subfeatures/message_input/domain/models/uploadable_file.dart
DA:7,0
DA:19,0
DA:24,0
DA:26,0
DA:34,0
DA:35,0
LF:6
LH:0
end_of_record
SF:lib/features/message/subfeatures/message_input/presentation/blocs/message_attachments_cubit/message_attachments_cubit.dart
DA:11,0
DA:12,0
DA:19,0
DA:20,0
DA:23,0
DA:29,0
DA:33,0
DA:35,0
DA:36,0
DA:42,0
DA:43,0
DA:46,0
DA:47,0
DA:52,0
DA:55,0
DA:56,0
DA:60,0
DA:61,0
DA:62,0
DA:65,0
DA:67,0
DA:68,0
DA:73,0
DA:74,0
DA:75,0
DA:76,0
DA:78,0
DA:81,0
DA:82,0
DA:85,0
DA:86,0
DA:89,0
DA:90,0
DA:94,0
DA:135,0
DA:138,0
DA:141,0
DA:144,0
LF:38
LH:0
end_of_record
SF:lib/features/message/subfeatures/message_input/presentation/blocs/message_attachments_cubit/message_attachments_state.dart
DA:4,5
DA:14,0
DA:19,0
DA:20,0
DA:21,0
DA:26,0
DA:27,0
LF:7
LH:1
end_of_record
SF:lib/features/message/subfeatures/message_input/presentation/components/attachment_item.dart
DA:7,0
DA:16,0
DA:18,0
DA:19,0
DA:22,0
DA:27,0
DA:32,0
DA:34,0
DA:36,0
DA:37,0
DA:38,0
DA:39,0
DA:40,0
DA:41,0
DA:42,0
DA:43,0
DA:51,0
DA:53,0
DA:57,0
DA:58,0
DA:60,0
DA:64,0
DA:65,0
DA:68,0
DA:71,0
DA:83,0
DA:88,0
DA:90,0
DA:91,0
DA:93,0
DA:95,0
DA:96,0
DA:97,0
DA:99,0
DA:100,0
DA:101,0
DA:103,0
DA:104,0
DA:105,0
DA:108,0
DA:109,0
DA:115,0
DA:116,0
DA:117,0
DA:120,0
DA:128,0
DA:130,0
DA:132,0
DA:134,0
DA:136,0
DA:138,0
LF:51
LH:0
end_of_record
SF:lib/features/message/subfeatures/message_input/presentation/components/attachment_tile.dart
DA:7,0
DA:30,0
DA:32,0
DA:33,0
DA:34,0
DA:35,0
DA:38,0
DA:39,0
DA:40,0
DA:42,0
DA:43,0
DA:46,0
DA:51,0
DA:54,0
DA:56,0
DA:57,0
DA:58,0
DA:59,0
DA:60,0
DA:62,0
DA:64,0
DA:65,0
DA:66,0
DA:67,0
DA:68,0
DA:69,0
DA:73,0
DA:75,0
DA:77,0
DA:78,0
DA:80,0
LF:31
LH:0
end_of_record
SF:lib/features/message/subfeatures/message_input/presentation/components/attachments_preview.dart
DA:9,0
DA:20,0
DA:22,0
DA:39,0
DA:41,0
DA:42,0
DA:43,0
DA:45,0
DA:47,0
DA:48,0
DA:52,0
DA:54,0
DA:56,0
DA:57,0
DA:58,0
DA:59,0
DA:64,0
DA:66,0
DA:67,0
DA:68,0
DA:69,0
DA:72,0
DA:73,0
DA:75,0
DA:76,0
DA:77,0
DA:78,0
DA:80,0
DA:82,0
DA:83,0
DA:88,0
DA:89,0
DA:93,0
DA:95,0
DA:96,0
DA:98,0
DA:99,0
DA:100,0
DA:101,0
DA:102,0
DA:107,0
DA:108,0
DA:112,0
DA:113,0
DA:114,0
DA:115,0
DA:116,0
DA:119,0
DA:121,0
DA:122,0
DA:126,0
DA:128,0
DA:132,0
DA:134,0
DA:135,0
DA:136,0
DA:141,0
DA:143,0
DA:148,0
DA:149,0
DA:150,0
DA:152,0
DA:153,0
DA:155,0
DA:156,0
DA:157,0
DA:160,0
DA:161,0
DA:163,0
DA:164,0
DA:167,0
DA:172,0
DA:173,0
DA:176,0
DA:179,0
DA:180,0
DA:181,0
DA:183,0
DA:184,0
DA:186,0
DA:187,0
DA:190,0
DA:191,0
DA:192,0
DA:195,0
DA:196,0
DA:197,0
DA:200,0
DA:201,0
DA:202,0
LF:90
LH:0
end_of_record
SF:lib/features/message/subfeatures/message_input/presentation/components/message_input_bar.dart
DA:11,0
DA:15,0
DA:16,0
DA:23,0
DA:25,0
DA:27,0
DA:28,0
DA:32,0
DA:33,0
DA:36,0
DA:37,0
DA:40,0
DA:42,0
DA:44,0
DA:48,0
DA:49,0
DA:51,0
DA:53,0
DA:56,0
DA:58,0
DA:59,0
DA:60,0
DA:61,0
DA:62,0
DA:65,0
DA:67,0
DA:68,0
DA:69,0
DA:75,0
DA:77,0
DA:78,0
DA:81,0
DA:82,0
DA:85,0
DA:86,0
DA:87,0
DA:88,0
DA:92,0
DA:94,0
DA:98,0
DA:99,0
DA:100,0
DA:104,0
DA:105,0
DA:106,0
DA:110,0
DA:111,0
DA:112,0
DA:115,0
DA:117,0
DA:119,0
DA:120,0
DA:122,0
DA:123,0
DA:124,0
DA:126,0
DA:127,0
DA:128,0
DA:129,0
DA:130,0
DA:131,0
DA:133,0
DA:134,0
DA:139,0
DA:141,0
DA:143,0
DA:144,0
DA:145,0
DA:146,0
DA:147,0
DA:151,0
DA:153,0
DA:154,0
DA:156,0
DA:157,0
DA:162,0
DA:163,0
DA:165,0
DA:167,0
DA:171,0
DA:173,0
DA:175,0
DA:176,0
LF:83
LH:0
end_of_record
SF:lib/features/message/subfeatures/message_input/presentation/components/message_input_field.dart
DA:13,0
DA:30,0
DA:31,0
DA:48,0
DA:50,0
DA:52,0
DA:54,0
DA:55,0
DA:58,0
DA:60,0
DA:62,0
DA:63,0
DA:64,0
DA:65,0
DA:67,0
DA:70,0
DA:71,0
DA:72,0
DA:76,0
DA:79,0
DA:80,0
DA:82,0
DA:86,0
DA:89,0
DA:90,0
DA:94,0
DA:96,0
DA:97,0
DA:99,0
DA:103,0
DA:107,0
DA:108,0
DA:109,0
DA:113,0
DA:117,0
DA:119,0
DA:122,0
DA:126,0
DA:127,0
DA:128,0
DA:129,0
DA:132,0
DA:133,0
DA:138,0
DA:140,0
DA:143,0
DA:147,0
DA:148,0
DA:149,0
DA:152,0
DA:155,0
DA:156,0
DA:157,0
DA:161,0
DA:162,0
DA:164,0
DA:165,0
DA:166,0
DA:167,0
DA:171,0
DA:174,0
DA:177,0
DA:178,0
DA:183,0
DA:187,0
DA:191,0
DA:195,0
DA:196,0
DA:197,0
DA:201,0
DA:202,0
DA:203,0
DA:206,0
DA:210,0
DA:216,0
DA:221,0
DA:228,0
DA:229,0
DA:230,0
DA:231,0
DA:236,0
DA:238,0
DA:239,0
DA:241,0
DA:242,0
DA:244,0
DA:246,0
DA:248,0
DA:250,0
DA:251,0
DA:252,0
DA:255,0
DA:256,0
DA:259,0
DA:260,0
DA:262,0
DA:264,0
DA:265,0
DA:266,0
DA:267,0
DA:270,0
DA:272,0
DA:274,0
DA:275,0
DA:276,0
DA:277,0
DA:280,0
DA:282,0
DA:284,0
DA:285,0
DA:286,0
DA:289,0
DA:291,0
DA:293,0
DA:294,0
DA:295,0
DA:298,0
DA:300,0
DA:302,0
DA:303,0
DA:304,0
DA:307,0
DA:309,0
DA:311,0
DA:312,0
DA:313,0
DA:316,0
DA:318,0
DA:320,0
DA:321,0
DA:322,0
DA:325,0
DA:327,0
DA:329,0
DA:330,0
DA:331,0
DA:334,0
DA:336,0
DA:338,0
DA:339,0
DA:340,0
DA:345,0
DA:346,0
DA:349,0
DA:353,0
DA:354,0
DA:359,0
DA:360,0
DA:363,0
DA:366,0
DA:369,0
DA:370,0
DA:372,0
DA:373,0
DA:376,0
DA:377,0
DA:378,0
DA:382,0
DA:385,0
DA:386,0
DA:387,0
DA:391,0
DA:393,0
DA:395,0
DA:396,0
DA:397,0
DA:401,0
DA:402,0
DA:404,0
DA:406,0
DA:408,0
DA:412,0
DA:413,0
DA:418,0
DA:420,0
DA:421,0
DA:423,0
DA:426,0
DA:431,0
DA:433,0
DA:435,0
DA:440,0
DA:442,0
DA:443,0
DA:444,0
DA:445,0
DA:446,0
DA:452,0
DA:458,0
DA:459,0
DA:460,0
DA:461,0
DA:465,0
DA:466,0
DA:467,0
DA:471,0
DA:472,0
DA:473,0
DA:476,0
DA:478,0
DA:479,0
DA:480,0
DA:482,0
DA:483,0
DA:486,0
DA:488,0
DA:489,0
DA:491,0
DA:493,0
DA:494,0
DA:498,0
DA:499,0
DA:500,0
DA:504,0
DA:526,0
DA:527,0
DA:528,0
DA:529,0
DA:530,0
DA:531,0
DA:532,0
DA:533,0
DA:538,0
DA:539,0
DA:540,0
DA:541,0
DA:542,0
DA:543,0
DA:548,0
DA:549,0
DA:550,0
DA:551,0
DA:552,0
DA:553,0
DA:558,0
DA:559,0
DA:560,0
DA:561,0
DA:562,0
DA:563,0
DA:568,0
DA:569,0
DA:570,0
DA:571,0
DA:572,0
DA:573,0
DA:578,0
DA:579,0
DA:580,0
DA:581,0
DA:582,0
DA:583,0
DA:588,0
DA:589,0
DA:590,0
DA:591,0
DA:592,0
DA:593,0
DA:598,0
DA:599,0
DA:600,0
DA:605,0
DA:606,0
DA:607,0
DA:608,0
DA:609,0
DA:611,0
DA:612,0
DA:613,0
DA:614,0
DA:618,0
DA:620,0
DA:621,0
DA:625,0
DA:634,0
DA:637,0
DA:638,0
DA:639,0
DA:644,0
DA:646,0
LF:280
LH:0
end_of_record
SF:lib/features/message/subfeatures/message_input/presentation/utils/intents.dart
DA:5,5
DA:9,5
DA:13,5
DA:17,5
DA:21,5
DA:25,5
DA:29,5
DA:33,5
LF:8
LH:8
end_of_record
SF:lib/features/message/subfeatures/message_input/presentation/utils/message_markdown_codec.dart
DA:7,5
DA:11,5
DA:18,0
DA:25,5
DA:28,0
DA:32,5
DA:39,0
DA:40,0
DA:44,0
DA:47,0
DA:48,0
DA:50,0
DA:54,0
DA:55,0
DA:56,0
DA:59,0
DA:62,0
DA:65,0
DA:66,0
DA:73,0
DA:74,0
DA:77,0
DA:81,0
DA:86,0
DA:87,0
DA:88,0
DA:89,0
DA:90,0
DA:92,0
DA:93,0
DA:95,0
DA:101,0
DA:102,0
DA:103,0
DA:105,0
DA:106,0
DA:107,0
DA:108,0
DA:111,0
DA:115,0
DA:116,0
DA:117,0
DA:119,0
DA:121,0
DA:122,0
DA:125,0
DA:128,0
DA:129,0
DA:130,0
DA:131,0
DA:132,0
DA:133,0
DA:136,0
DA:137,0
DA:143,0
DA:144,0
DA:145,0
DA:148,0
DA:149,0
DA:150,0
DA:152,0
DA:153,0
DA:154,0
DA:158,0
DA:159,0
DA:160,0
DA:161,0
DA:162,0
DA:165,0
DA:166,0
DA:172,0
DA:175,0
DA:181,0
DA:183,0
DA:184,0
DA:189,0
DA:190,0
DA:192,0
DA:197,0
DA:198,0
DA:205,0
DA:209,0
DA:214,0
DA:215,0
DA:216,0
DA:217,0
DA:218,0
DA:220,0
DA:221,0
DA:223,0
DA:228,0
DA:229,0
DA:230,0
DA:231,0
DA:234,0
DA:235,0
DA:236,0
DA:237,0
DA:239,0
DA:241,0
DA:242,0
DA:243,0
DA:244,0
DA:248,0
DA:253,0
DA:254,0
DA:259,0
DA:260,0
DA:262,0
DA:264,0
DA:266,0
DA:267,0
DA:273,0
DA:274,0
DA:275,0
DA:280,0
DA:284,0
DA:285,0
DA:289,0
DA:290,0
DA:293,0
DA:298,0
DA:299,0
DA:301,0
DA:302,0
DA:303,0
DA:304,0
DA:308,0
DA:309,0
DA:310,0
DA:311,0
DA:315,0
DA:316,0
DA:317,0
DA:319,0
DA:321,0
DA:323,0
DA:324,0
DA:325,0
DA:328,0
DA:331,0
DA:332,0
DA:335,0
DA:338,0
DA:339,0
DA:343,0
DA:344,0
DA:351,0
DA:352,0
DA:353,0
DA:355,0
DA:356,0
DA:357,0
DA:358,0
DA:359,0
DA:360,0
DA:361,0
DA:362,0
DA:363,0
DA:366,0
DA:368,0
DA:370,0
DA:373,0
DA:377,0
DA:379,0
DA:380,0
DA:382,0
DA:383,0
DA:387,0
DA:388,0
DA:392,0
DA:393,0
DA:397,0
DA:398,0
DA:402,0
DA:403,0
DA:411,0
DA:412,0
DA:413,0
DA:415,0
DA:417,0
DA:419,0
DA:421,0
DA:423,0
DA:425,0
DA:430,0
DA:431,0
DA:432,0
DA:434,0
DA:436,0
DA:438,0
DA:440,0
DA:442,0
DA:443,0
DA:445,0
DA:446,0
DA:447,0
DA:452,0
DA:456,0
DA:460,0
DA:461,0
DA:462,0
DA:464,0
DA:465,0
DA:474,0
DA:475,0
DA:476,0
DA:481,0
DA:482,0
DA:483,0
DA:487,0
DA:488,0
DA:489,0
DA:490,0
DA:491,0
DA:495,0
DA:496,0
DA:498,0
DA:499,0
DA:501,0
DA:503,0
DA:504,0
DA:508,0
DA:510,0
DA:511,0
DA:512,0
DA:515,0
DA:520,0
DA:535,0
DA:538,0
DA:539,0
DA:541,0
DA:542,0
DA:543,0
DA:544,0
DA:547,0
DA:551,0
DA:553,0
DA:554,0
DA:555,0
DA:559,0
DA:560,0
DA:561,0
DA:562,0
DA:563,0
DA:564,0
DA:565,0
DA:566,0
DA:567,0
DA:574,0
DA:579,0
DA:580,0
DA:581,0
DA:585,0
DA:586,0
DA:587,0
DA:591,0
DA:592,0
DA:593,0
DA:597,0
DA:598,0
DA:599,0
DA:603,0
DA:604,0
DA:607,0
DA:608,0
DA:609,0
DA:610,0
DA:615,0
DA:617,0
DA:618,0
DA:619,0
DA:622,0
DA:625,0
DA:627,0
DA:630,0
DA:631,0
DA:632,0
DA:633,0
DA:634,0
DA:638,0
DA:639,0
DA:641,0
DA:642,0
DA:645,0
DA:648,0
DA:649,0
DA:653,0
DA:654,0
DA:658,0
DA:662,0
DA:663,0
DA:664,0
DA:668,0
DA:669,0
DA:671,0
DA:675,0
DA:678,0
DA:679,0
DA:681,0
DA:682,0
DA:684,0
DA:685,0
DA:687,0
DA:691,0
DA:692,0
DA:696,0
DA:700,0
DA:701,0
DA:702,0
DA:703,0
DA:704,0
DA:705,0
DA:706,0
DA:714,0
DA:728,0
DA:742,0
DA:754,0
DA:766,5
DA:771,0
DA:772,0
DA:775,0
DA:778,0
LF:323
LH:5
end_of_record
SF:lib/features/message/subfeatures/message_input/presentation/utils/message_rich_input_controller.dart
DA:18,0
DA:30,0
DA:32,0
DA:33,0
DA:34,0
DA:35,0
DA:36,0
DA:37,0
DA:43,0
DA:61,0
DA:74,0
DA:75,0
DA:77,0
DA:78,0
DA:79,0
DA:80,0
DA:81,0
DA:83,0
DA:86,0
DA:87,0
DA:88,0
DA:91,0
DA:92,0
DA:93,0
DA:94,0
DA:95,0
DA:97,0
DA:98,0
DA:99,0
DA:103,0
DA:104,0
DA:106,0
DA:107,0
DA:111,0
DA:114,0
DA:115,0
DA:118,0
DA:119,0
DA:120,0
DA:124,0
DA:125,0
DA:127,0
DA:128,0
DA:129,0
DA:132,0
DA:133,0
DA:134,0
DA:138,0
DA:139,0
DA:141,0
DA:144,0
DA:146,0
DA:147,0
DA:149,0
DA:153,0
DA:156,0
DA:157,0
DA:158,0
DA:161,0
DA:164,0
DA:167,0
DA:173,0
DA:174,0
DA:175,0
DA:178,0
DA:180,0
DA:181,0
DA:182,0
DA:183,0
DA:184,0
DA:185,0
DA:186,0
DA:187,0
DA:188,0
DA:193,0
DA:198,0
DA:212,0
DA:217,0
DA:218,0
DA:219,0
DA:220,0
DA:221,0
DA:223,0
DA:224,0
DA:227,0
DA:231,0
DA:232,0
DA:233,0
DA:234,0
DA:235,0
DA:236,0
DA:240,0
DA:241,0
DA:242,0
DA:243,0
DA:245,0
DA:247,0
DA:248,0
DA:249,0
DA:250,0
DA:254,0
DA:259,0
DA:260,0
DA:265,0
DA:266,0
DA:267,0
DA:269,0
DA:270,0
DA:272,0
DA:273,0
DA:275,0
DA:276,0
DA:278,0
DA:279,0
DA:281,0
DA:282,0
DA:283,0
DA:285,0
DA:287,0
DA:293,0
DA:294,0
DA:298,0
DA:305,0
DA:310,0
DA:312,0
DA:313,0
DA:317,0
DA:318,0
DA:319,0
DA:322,0
DA:330,0
DA:331,0
DA:335,0
DA:336,0
DA:338,0
DA:339,0
DA:340,0
DA:348,0
DA:349,0
DA:354,0
DA:356,0
DA:357,0
DA:358,0
DA:359,0
DA:363,0
DA:364,0
DA:368,0
DA:370,0
DA:374,0
DA:380,0
DA:382,0
DA:383,0
DA:385,0
DA:386,0
DA:387,0
DA:388,0
DA:389,0
DA:390,0
DA:391,0
DA:392,0
DA:393,0
DA:394,0
DA:395,0
DA:399,0
DA:406,0
DA:416,0
DA:417,0
DA:419,0
DA:422,0
DA:424,0
DA:427,0
DA:428,0
DA:429,0
DA:430,0
DA:434,0
DA:435,0
DA:436,0
DA:440,0
DA:441,0
DA:444,0
DA:445,0
DA:448,0
DA:453,0
LF:183
LH:0
end_of_record
SF:lib/features/message/subfeatures/message_input_selection_toolbar/presentation/components/message_input_selection_toolbar.dart
DA:8,0
DA:23,0
DA:25,0
DA:27,0
DA:29,0
DA:30,0
DA:32,0
DA:34,0
DA:36,0
DA:39,0
DA:41,0
DA:44,0
DA:45,0
DA:47,0
DA:48,0
DA:49,0
DA:52,0
DA:54,0
DA:55,0
DA:56,0
DA:57,0
DA:58,0
DA:59,0
DA:60,0
DA:61,0
DA:63,0
DA:64,0
DA:65,0
DA:71,0
DA:72,0
DA:73,0
DA:75,0
DA:77,0
DA:78,0
DA:79,0
DA:80,0
DA:81,0
DA:82,0
DA:83,0
DA:84,0
DA:88,0
LF:41
LH:0
end_of_record
SF:lib/features/message/subfeatures/message_input_selection_toolbar/presentation/components/message_input_selection_toolbar_item.dart
DA:6,0
DA:21,0
DA:23,0
DA:30,0
DA:31,0
DA:35,0
DA:36,0
DA:40,0
DA:41,0
DA:42,0
DA:46,0
DA:48,0
DA:49,0
DA:51,0
DA:52,0
DA:53,0
DA:55,0
DA:56,0
DA:57,0
DA:59,0
DA:60,0
DA:61,0
DA:62,0
DA:65,0
DA:67,0
DA:68,0
DA:72,0
DA:74,0
DA:77,0
DA:78,0
DA:79,0
DA:80,0
DA:82,0
DA:83,0
DA:84,0
DA:86,0
DA:87,0
DA:88,0
DA:89,0
LF:39
LH:0
end_of_record
SF:lib/features/message/subfeatures/message_input_selection_toolbar/presentation/models/message_input_selection_toolbar_action.dart
DA:4,0
LF:1
LH:0
end_of_record
SF:lib/features/message/subfeatures/message_input_selection_toolbar/presentation/utils/message_input_selection_toolbar_controller.dart
DA:5,0
DA:9,0
DA:11,0
DA:17,0
DA:19,0
DA:21,0
DA:22,0
DA:23,0
DA:31,0
DA:34,0
DA:35,0
DA:36,0
DA:39,0
DA:40,0
LF:14
LH:0
end_of_record
SF:lib/features/profile/domain/interactors/profile_interactor.dart
DA:4,0
DA:11,0
DA:12,0
DA:13,0
DA:16,0
DA:17,0
LF:6
LH:0
end_of_record
SF:lib/features/profile/presentation/blocs/profile_cubit/profile_state.dart
DA:4,5
DA:10,5
DA:12,0
DA:13,0
DA:17,5
DA:19,0
DA:20,0
DA:24,0
DA:28,0
DA:29,0
DA:33,0
DA:35,0
DA:36,0
LF:13
LH:3
end_of_record
SF:lib/features/profile/presentation/blocs/profile_cubit/profile_cubit.dart
DA:10,0
DA:15,0
DA:20,0
DA:22,0
DA:23,0
DA:26,0
DA:27,0
DA:29,0
DA:30,0
DA:31,0
DA:32,0
DA:34,0
LF:12
LH:0
end_of_record
SF:lib/features/profile/presentation/blocs/profile_editor_cubit/profile_editor_cubit.dart
DA:10,0
DA:15,0
DA:20,0
DA:22,0
DA:27,0
DA:29,0
DA:30,0
DA:31,0
DA:33,0
DA:42,0
DA:44,0
DA:45,0
DA:50,0
DA:51,0
DA:57,0
DA:59,0
DA:60,0
DA:61,0
DA:63,0
DA:69,0
DA:71,0
DA:76,0
DA:78,0
DA:79,0
DA:80,0
DA:82,0
DA:91,0
DA:93,0
DA:94,0
DA:99,0
DA:100,0
DA:103,0
DA:105,0
DA:106,0
DA:107,0
DA:109,0
DA:115,0
DA:117,0
DA:122,0
DA:124,0
DA:125,0
DA:126,0
DA:128,0
DA:137,0
DA:139,0
DA:140,0
DA:145,0
DA:146,0
DA:149,0
DA:151,0
DA:152,0
DA:153,0
DA:155,0
DA:161,0
DA:163,0
DA:168,0
DA:170,0
DA:171,0
DA:179,0
DA:181,0
DA:182,0
DA:183,0
DA:185,0
DA:191,0
DA:192,0
DA:197,0
DA:200,0
DA:202,0
DA:204,0
DA:207,0
DA:208,0
DA:209,0
DA:212,0
DA:213,0
DA:214,0
DA:219,0
DA:221,0
DA:226,0
DA:228,0
DA:232,0
DA:235,0
DA:237,0
DA:238,0
DA:239,0
DA:240,0
DA:243,0
DA:245,0
DA:246,0
DA:247,0
DA:249,0
DA:251,0
DA:252,0
DA:253,0
DA:255,0
DA:261,0
DA:263,0
DA:264,0
DA:267,0
DA:269,0
DA:271,0
DA:273,0
DA:274,0
DA:275,0
DA:277,0
LF:104
LH:0
end_of_record
SF:lib/features/profile/presentation/blocs/profile_editor_cubit/profile_editor_state.dart
DA:4,5
DA:10,5
DA:12,0
DA:13,0
DA:17,5
DA:19,0
DA:20,0
DA:24,0
DA:51,0
DA:62,0
DA:63,0
DA:64,0
DA:66,0
DA:68,0
DA:70,0
DA:72,0
DA:74,0
DA:76,0
DA:77,0
DA:81,0
DA:82,0
DA:83,0
DA:84,0
DA:85,0
DA:86,0
DA:87,0
DA:88,0
DA:89,0
DA:90,0
DA:91,0
DA:98,5
DA:100,0
DA:101,0
DA:105,0
DA:107,0
DA:108,0
LF:36
LH:4
end_of_record
SF:lib/features/profile/presentation/components/profile_action_tile.dart
DA:5,0
DA:18,0
DA:20,0
DA:21,0
DA:23,0
DA:25,0
DA:26,0
DA:27,0
DA:30,0
DA:34,0
DA:35,0
DA:37,0
DA:38,0
DA:39,0
DA:40,0
DA:41,0
DA:42,0
DA:43,0
DA:45,0
DA:47,0
DA:48,0
DA:49,0
DA:51,0
DA:52,0
DA:53,0
DA:54,0
LF:26
LH:0
end_of_record
SF:lib/features/profile/presentation/components/profile_editor_header.dart
DA:8,5
DA:10,0
DA:12,0
DA:13,0
DA:14,0
DA:16,0
DA:18,0
DA:19,0
DA:20,0
DA:21,0
DA:22,0
DA:23,0
DA:29,0
DA:31,0
DA:32,0
DA:35,0
DA:36,0
DA:42,0
DA:44,0
DA:45,0
DA:46,0
DA:47,0
LF:22
LH:1
end_of_record
SF:lib/features/profile/presentation/components/profile_header.dart
DA:11,0
DA:15,0
DA:17,0
DA:18,0
DA:19,0
DA:21,0
DA:23,0
DA:24,0
DA:25,0
DA:27,0
DA:28,0
DA:31,0
DA:32,0
DA:38,0
DA:39,0
DA:40,0
DA:42,0
DA:46,0
DA:47,0
DA:49,0
DA:55,0
DA:56,0
DA:63,0
DA:64,0
DA:65,0
LF:25
LH:0
end_of_record
SF:lib/features/profile/presentation/components/profile_info.dart
DA:6,0
DA:10,0
DA:12,0
DA:13,0
DA:14,0
DA:16,0
DA:18,0
DA:20,0
DA:21,0
DA:22,0
DA:24,0
DA:26,0
DA:27,0
DA:28,0
DA:29,0
DA:31,0
DA:32,0
DA:34,0
DA:35,0
DA:40,0
DA:42,0
DA:43,0
DA:44,0
DA:46,0
DA:47,0
DA:53,0
DA:54,0
DA:56,0
DA:57,0
DA:66,0
DA:68,0
DA:69,0
DA:70,0
DA:71,0
DA:73,0
DA:75,0
DA:79,0
DA:80,0
DA:84,0
DA:88,0
DA:89,0
DA:91,0
DA:92,0
DA:103,0
DA:104,0
DA:105,0
DA:107,0
DA:111,0
DA:113,0
DA:114,0
DA:116,0
DA:118,0
DA:119,0
LF:53
LH:0
end_of_record
SF:lib/features/profile/presentation/components/session_header.dart
DA:7,5
DA:9,0
DA:11,0
DA:12,0
DA:13,0
DA:15,0
DA:17,0
DA:18,0
DA:19,0
DA:20,0
DA:21,0
DA:27,0
DA:29,0
DA:30,0
DA:33,0
DA:34,0
DA:40,0
DA:41,0
DA:42,0
DA:43,0
LF:20
LH:1
end_of_record
SF:lib/features/profile/presentation/components/session_info.dart
DA:9,0
DA:13,0
DA:15,0
DA:17,0
DA:18,0
DA:20,0
DA:23,0
DA:26,0
DA:28,0
DA:31,0
DA:32,0
DA:33,0
DA:34,0
DA:36,0
DA:42,0
DA:47,0
DA:48,0
DA:51,0
DA:52,0
DA:53,0
DA:58,0
DA:59,0
DA:60,0
DA:64,0
DA:65,0
DA:66,0
DA:70,0
DA:74,0
DA:75,0
DA:76,0
DA:77,0
DA:79,0
DA:80,0
DA:81,0
DA:83,0
DA:84,0
DA:85,0
DA:87,0
DA:88,0
DA:89,0
DA:91,0
DA:92,0
DA:93,0
DA:95,0
DA:96,0
DA:97,0
DA:99,0
DA:100,0
DA:101,0
DA:103,0
DA:104,0
DA:105,0
DA:109,0
DA:110,0
DA:111,0
DA:112,0
DA:113,0
DA:121,0
DA:122,0
DA:123,0
DA:131,0
DA:136,0
DA:138,0
DA:140,0
DA:142,0
DA:143,0
DA:144,0
DA:145,0
DA:147,0
DA:153,0
DA:157,0
DA:159,0
DA:161,0
DA:164,0
DA:165,0
DA:166,0
DA:167,0
DA:169,0
DA:170,0
DA:171,0
DA:172,0
DA:174,0
DA:177,0
DA:184,0
DA:190,0
DA:192,0
DA:193,0
DA:195,0
DA:197,0
DA:198,0
DA:200,0
DA:201,0
DA:202,0
DA:203,0
DA:208,0
DA:209,0
DA:210,0
DA:211,0
DA:220,0
DA:227,0
LF:100
LH:0
end_of_record
SF:lib/features/profile/presentation/modals/profile_editor_modal_card.dart
DA:11,0
DA:20,0
DA:22,0
DA:23,0
DA:24,0
DA:25,0
DA:26,0
DA:27,0
DA:33,0
DA:37,0
DA:38,0
DA:46,0
DA:48,0
DA:49,0
DA:50,0
DA:51,0
DA:53,0
DA:54,0
DA:56,0
DA:57,0
DA:58,0
DA:59,0
DA:63,0
DA:64,0
DA:65,0
DA:66,0
DA:70,0
DA:73,0
DA:75,0
DA:76,0
DA:77,0
DA:78,0
DA:81,0
DA:83,0
DA:84,0
DA:85,0
DA:86,0
DA:89,0
DA:90,0
DA:91,0
DA:92,0
DA:93,0
DA:95,0
DA:101,0
DA:102,0
DA:105,0
DA:107,0
DA:108,0
DA:109,0
DA:110,0
DA:122,0
DA:136,0
DA:138,0
DA:139,0
DA:140,0
DA:142,0
DA:144,0
DA:145,0
DA:147,0
DA:148,0
DA:149,0
DA:151,0
DA:153,0
DA:155,0
DA:156,0
DA:157,0
DA:160,0
DA:161,0
DA:168,0
DA:170,0
DA:171,0
DA:177,0
DA:178,0
DA:179,0
DA:181,0
DA:183,0
DA:185,0
DA:187,0
DA:188,0
DA:190,0
DA:191,0
DA:193,0
DA:194,0
DA:196,0
DA:197,0
DA:200,0
DA:207,0
DA:209,0
DA:210,0
DA:212,0
DA:213,0
DA:215,0
DA:216,0
DA:218,0
DA:219,0
DA:222,0
DA:229,0
DA:231,0
DA:232,0
DA:234,0
DA:235,0
DA:237,0
DA:238,0
DA:240,0
DA:241,0
DA:244,0
DA:251,0
DA:263,0
DA:267,0
DA:269,0
DA:271,0
DA:272,0
DA:273,0
DA:274,0
DA:276,0
DA:277,0
DA:279,0
DA:280,0
DA:281,0
DA:282,0
LF:120
LH:0
end_of_record
SF:lib/features/profile/presentation/modals/profile_modal_card.dart
DA:15,0
DA:19,0
DA:21,0
DA:22,0
DA:23,0
DA:24,0
DA:26,0
DA:27,0
DA:28,0
DA:29,0
DA:30,0
DA:31,0
DA:38,5
DA:40,0
DA:42,0
DA:43,0
DA:44,0
DA:45,0
DA:46,0
DA:47,0
DA:50,0
DA:51,0
DA:52,0
DA:54,0
DA:55,0
DA:57,0
DA:60,0
DA:62,0
DA:63,0
DA:71,0
DA:72,0
DA:74,0
DA:78,0
DA:79,0
DA:89,0
DA:93,0
DA:95,0
DA:96,0
DA:98,0
DA:100,0
DA:103,0
DA:104,0
DA:105,0
DA:110,0
DA:112,0
DA:113,0
DA:114,0
DA:116,0
DA:117,0
DA:118,0
DA:120,0
DA:122,0
DA:123,0
DA:127,0
DA:129,0
DA:130,0
DA:132,0
DA:134,0
DA:135,0
DA:136,0
DA:137,0
DA:138,0
DA:139,0
DA:140,0
DA:141,0
DA:148,0
DA:152,0
DA:153,0
DA:160,0
DA:162,0
DA:164,0
DA:165,0
DA:168,0
DA:169,0
DA:170,0
DA:171,0
DA:172,0
DA:173,0
DA:175,0
DA:176,0
DA:177,0
DA:179,0
DA:180,0
DA:181,0
LF:84
LH:1
end_of_record
SF:lib/features/profile/presentation/modals/session_modal_card.dart
DA:8,0
DA:12,0
DA:14,0
DA:16,0
DA:17,0
DA:19,0
DA:21,0
DA:22,0
DA:23,0
DA:25,0
LF:10
LH:0
end_of_record
SF:lib/features/settings/data/repositories/settings_repo/local_settings_repo.dart
DA:6,1
DA:12,1
DA:14,2
DA:15,1
DA:20,1
DA:22,3
DA:26,1
DA:28,3
DA:31,1
DA:33,3
LF:10
LH:10
end_of_record
SF:lib/features/settings/domain/interactors/settings_interactor.dart
DA:4,0
DA:9,0
DA:10,0
DA:13,0
DA:14,0
DA:17,0
DA:18,0
DA:21,0
DA:22,0
LF:9
LH:0
end_of_record
SF:lib/features/settings/presentation/blocs/settings_cubit/settings_cubit.dart
DA:12,1
DA:19,1
DA:25,1
DA:27,2
DA:30,1
DA:32,2
DA:33,1
DA:37,1
DA:40,2
DA:41,3
DA:45,2
DA:46,2
DA:49,2
DA:50,1
DA:51,1
DA:52,1
DA:54,2
DA:60,1
DA:62,2
DA:65,1
DA:67,1
DA:68,2
DA:73,1
DA:76,2
DA:77,3
DA:81,2
DA:82,2
DA:85,2
DA:86,1
DA:87,1
DA:88,1
DA:90,2
DA:96,1
DA:98,2
DA:99,1
DA:102,2
DA:103,2
DA:104,2
DA:105,2
DA:108,1
DA:109,1
DA:110,1
DA:112,1
DA:113,1
DA:114,1
DA:115,1
DA:120,2
DA:121,1
DA:122,1
DA:123,1
DA:125,2
DA:131,1
DA:133,1
DA:135,1
DA:137,1
DA:142,1
DA:144,1
DA:146,1
LF:58
LH:58
end_of_record
SF:lib/features/settings/presentation/blocs/settings_cubit/settings_state.dart
DA:4,6
DA:10,5
DA:12,0
DA:13,0
DA:17,5
DA:19,1
DA:20,2
DA:23,1
DA:34,1
DA:40,1
DA:41,1
DA:42,1
DA:43,1
DA:48,1
DA:49,5
DA:54,1
DA:56,1
DA:57,2
LF:18
LH:16
end_of_record
SF:lib/features/settings/presentation/components/language_selector.dart
DA:7,0
DA:11,0
DA:12,0
DA:15,0
DA:16,0
DA:17,0
DA:19,0
DA:21,0
DA:28,0
DA:30,0
DA:31,0
DA:32,0
DA:35,0
DA:37,0
DA:38,0
DA:39,0
DA:42,0
DA:44,0
DA:46,0
DA:47,0
DA:48,0
DA:50,0
DA:52,0
DA:53,0
DA:55,0
DA:59,0
DA:60,0
DA:62,0
DA:64,0
DA:65,0
DA:66,0
DA:67,0
DA:69,0
DA:71,0
DA:75,0
DA:76,0
DA:78,0
LF:37
LH:0
end_of_record
SF:lib/features/settings/presentation/components/settings_header.dart
DA:6,5
DA:8,0
DA:10,0
DA:11,0
DA:12,0
DA:14,0
DA:16,0
DA:17,0
DA:18,0
DA:20,0
DA:21,0
DA:24,0
DA:25,0
DA:31,0
DA:34,0
LF:15
LH:1
end_of_record
SF:lib/features/settings/presentation/components/theme_mode_selector.dart
DA:7,0
DA:11,0
DA:13,0
DA:15,0
DA:18,0
DA:19,0
DA:20,0
DA:22,0
DA:23,0
DA:24,0
DA:26,0
DA:27,0
DA:29,0
DA:30,0
DA:31,0
DA:33,0
DA:34,0
DA:36,0
DA:37,0
DA:38,0
DA:46,0
DA:58,0
DA:60,0
DA:61,0
DA:63,0
DA:64,0
DA:65,0
DA:67,0
DA:68,0
DA:69,0
DA:71,0
DA:72,0
DA:73,0
DA:75,0
DA:76,0
DA:77,0
DA:79,0
DA:81,0
DA:82,0
DA:83,0
DA:85,0
DA:86,0
DA:87,0
DA:88,0
DA:90,0
DA:92,0
DA:93,0
DA:95,0
DA:96,0
DA:97,0
LF:50
LH:0
end_of_record
SF:lib/features/settings/presentation/screens/settings_modal_card.dart
DA:9,5
DA:11,0
DA:13,0
DA:14,0
DA:16,0
DA:17,0
DA:18,0
DA:20,0
DA:21,0
DA:22,0
DA:24,0
DA:25,0
DA:27,0
DA:30,0
DA:32,0
DA:33,0
DA:41,0
DA:42,0
DA:44,0
DA:48,0
DA:49,0
DA:58,0
DA:62,0
DA:64,0
DA:65,0
DA:66,0
DA:68,0
DA:69,0
DA:75,0
DA:77,0
DA:79,0
DA:80,0
DA:81,0
DA:83,0
DA:85,0
DA:86,0
DA:88,0
DA:89,0
DA:91,0
DA:92,0
DA:93,0
DA:94,0
DA:97,0
DA:99,0
DA:100,0
DA:107,0
DA:109,0
DA:110,0
DA:112,0
DA:113,0
DA:114,0
DA:115,0
DA:116,0
DA:121,0
DA:136,0
DA:140,0
DA:142,0
DA:143,0
DA:145,0
DA:146,0
DA:147,0
DA:148,0
DA:150,0
DA:152,0
DA:153,0
DA:154,0
LF:66
LH:1
end_of_record
SF:lib/features/settings/presentation/screens/settings_screen.dart
DA:4,5
DA:6,0
LF:2
LH:1
end_of_record
SF:lib/features/theme_editor/data/repositories/theme_editor_repo/local_theme_editor_repo.dart
DA:8,0
DA:15,0
DA:17,0
DA:18,0
DA:19,0
DA:21,0
DA:24,0
DA:26,0
DA:27,0
LF:9
LH:0
end_of_record
SF:lib/features/theme_editor/domain/interactors/theme_editor_interactor.dart
DA:5,0
DA:10,0
DA:11,0
DA:14,0
DA:15,0
LF:5
LH:0
end_of_record
SF:lib/features/theme_editor/domain/models/app_color_palette.dart
DA:8,1
DA:46,1
DA:47,1
DA:48,1
DA:49,1
DA:50,1
DA:51,1
DA:52,1
DA:53,1
DA:54,1
DA:55,1
DA:56,1
DA:57,1
DA:58,1
DA:59,1
DA:60,1
DA:61,1
DA:62,1
DA:63,1
DA:64,1
DA:65,1
DA:66,1
DA:67,1
DA:68,1
DA:69,1
DA:70,1
DA:71,1
DA:72,1
DA:73,1
DA:74,1
DA:75,1
DA:76,1
DA:77,1
DA:78,1
DA:79,1
DA:80,1
DA:81,1
DA:82,1
DA:86,0
DA:87,0
DA:88,0
DA:89,0
DA:90,0
DA:91,0
DA:92,0
DA:93,0
DA:94,0
DA:95,0
DA:96,0
DA:97,0
DA:98,0
DA:99,0
DA:100,0
DA:101,0
DA:102,0
DA:103,0
DA:104,0
DA:105,0
DA:106,0
DA:107,0
DA:108,0
DA:109,0
DA:110,0
DA:111,0
DA:112,0
DA:113,0
DA:114,0
DA:115,0
DA:116,0
DA:117,0
DA:118,0
DA:119,0
DA:120,0
DA:121,0
DA:122,0
DA:162,0
DA:205,0
DA:206,0
DA:207,0
DA:208,0
DA:209,0
DA:210,0
DA:211,0
DA:212,0
DA:213,0
DA:214,0
DA:215,0
DA:216,0
DA:217,0
DA:218,0
DA:219,0
DA:220,0
DA:221,0
DA:222,0
DA:223,0
DA:224,0
DA:225,0
DA:227,0
DA:228,0
DA:229,0
DA:230,0
DA:232,0
DA:233,0
DA:234,0
DA:235,0
DA:236,0
DA:237,0
DA:238,0
DA:239,0
DA:240,0
DA:241,0
DA:242,0
DA:246,1
DA:247,1
DA:248,1
DA:249,1
DA:250,1
DA:251,1
DA:252,1
DA:253,1
DA:254,1
DA:255,1
DA:256,1
DA:257,1
DA:258,1
DA:259,1
DA:260,1
DA:261,1
DA:262,1
DA:263,1
DA:264,1
DA:265,1
DA:266,1
DA:267,1
DA:268,1
DA:269,1
DA:270,1
DA:271,1
DA:272,1
DA:273,1
DA:274,1
DA:275,1
DA:276,1
DA:277,1
DA:278,1
DA:279,1
DA:280,1
DA:281,1
DA:282,1
DA:287,0
DA:288,0
DA:291,0
DA:292,0
DA:297,0
DA:298,0
DA:299,0
DA:300,0
DA:301,0
DA:302,0
DA:303,0
DA:304,0
DA:305,0
DA:306,0
DA:307,0
DA:308,0
DA:309,0
DA:310,0
DA:311,0
DA:312,0
DA:313,0
DA:314,0
DA:315,0
DA:316,0
DA:317,0
DA:318,0
DA:319,0
DA:320,0
DA:321,0
DA:322,0
DA:323,0
DA:324,0
DA:325,0
DA:326,0
DA:327,0
DA:328,0
DA:329,0
DA:330,0
DA:331,0
DA:332,0
DA:333,0
DA:337,0
DA:338,0
DA:340,0
DA:341,0
DA:342,0
DA:343,0
DA:344,0
DA:345,0
DA:346,0
DA:347,0
DA:348,0
DA:349,0
DA:350,0
DA:351,0
DA:352,0
DA:353,0
DA:354,0
DA:355,0
DA:356,0
DA:357,0
DA:358,0
DA:359,0
DA:360,0
DA:361,0
DA:362,0
DA:363,0
DA:364,0
DA:365,0
DA:366,0
DA:367,0
DA:368,0
DA:369,0
DA:370,0
DA:371,0
DA:372,0
DA:373,0
DA:374,0
DA:375,0
LF:228
LH:75
end_of_record
SF:lib/features/theme_editor/domain/models/app_theme.dart
DA:10,1
DA:15,0
DA:19,0
DA:20,0
DA:21,0
DA:25,1
DA:26,1
DA:27,1
DA:30,1
DA:34,1
DA:35,3
DA:39,0
DA:40,0
DA:41,0
DA:42,0
DA:45,0
DA:48,0
DA:50,0
DA:52,0
DA:53,0
DA:54,0
DA:56,0
DA:57,0
LF:23
LH:7
end_of_record
SF:lib/gen/l10n/intl/messages_all.dart
DA:22,0
DA:23,0
DA:26,0
DA:28,0
DA:29,0
DA:36,0
DA:37,0
DA:39,0
DA:40,0
DA:43,0
DA:45,0
DA:46,0
DA:47,0
DA:48,0
DA:49,0
DA:52,0
DA:54,0
DA:60,0
DA:61,0
DA:64,0
DA:67,0
LF:21
LH:0
end_of_record
SF:lib/gen/l10n/intl/messages_ru.dart
DA:16,0
DA:21,0
DA:24,0
DA:25,0
DA:26,0
DA:29,0
DA:32,0
DA:35,0
DA:38,0
DA:41,0
DA:44,0
DA:47,0
DA:50,0
DA:53,0
DA:54,0
DA:55,0
DA:56,0
DA:59,0
DA:62,0
DA:63,0
DA:64,0
DA:65,0
DA:66,0
DA:69,0
DA:70,0
DA:73,0
DA:74,0
DA:75,0
DA:76,0
DA:77,0
DA:78,0
DA:81,0
DA:82,0
DA:83,0
DA:84,0
DA:85,0
DA:88,0
DA:89,0
DA:92,0
DA:93,0
DA:94,0
DA:95,0
DA:96,0
DA:97,0
DA:100,0
DA:101,0
DA:104,0
DA:105,0
DA:106,0
DA:107,0
DA:108,0
DA:111,0
DA:114,0
DA:115,0
DA:116,0
DA:119,0
DA:120,0
DA:123,0
DA:126,0
DA:127,0
DA:128,0
DA:129,0
DA:132,0
DA:133,0
DA:134,0
DA:135,0
DA:136,0
DA:139,0
DA:140,0
DA:143,0
DA:144,0
DA:145,0
DA:146,0
DA:149,0
DA:152,0
DA:155,0
DA:158,0
DA:161,0
DA:164,0
DA:167,0
DA:170,0
DA:173,0
DA:177,0
DA:179,0
DA:180,0
DA:184,0
DA:186,0
DA:187,0
DA:188,0
DA:189,0
DA:190,0
DA:191,0
DA:192,0
DA:193,0
DA:194,0
DA:197,0
DA:200,0
DA:203,0
DA:204,0
DA:207,0
DA:208,0
DA:211,0
DA:212,0
DA:215,0
DA:216,0
DA:217,0
DA:218,0
DA:219,0
DA:220,0
DA:223,0
DA:226,0
DA:227,0
DA:228,0
DA:229,0
DA:230,0
DA:231,0
DA:232,0
DA:233,0
DA:236,0
DA:237,0
DA:238,0
DA:239,0
DA:240,0
DA:241,0
DA:242,0
DA:245,0
DA:246,0
DA:247,0
DA:248,0
DA:249,0
DA:250,0
DA:251,0
DA:252,0
DA:255,0
DA:258,0
DA:259,0
DA:260,0
DA:261,0
DA:262,0
DA:265,0
DA:268,0
DA:271,0
DA:272,0
DA:273,0
DA:274,0
LF:145
LH:0
end_of_record
SF:lib/mock/mock_backend.dart
DA:13,0
DA:19,0
DA:20,0
DA:25,0
DA:27,0
DA:28,0
DA:49,0
DA:50,0
DA:51,0
DA:53,0
DA:56,0
DA:57,0
DA:58,0
DA:61,0
DA:62,0
DA:64,0
DA:65,0
DA:69,0
DA:70,0
DA:71,0
DA:72,0
DA:73,0
DA:74,0
DA:75,0
DA:76,0
DA:77,0
DA:78,0
DA:79,0
DA:80,0
DA:81,0
DA:84,0
DA:90,0
DA:91,0
DA:92,0
DA:94,0
DA:97,0
DA:98,0
DA:101,0
DA:104,0
DA:108,0
DA:110,0
DA:112,0
DA:113,0
DA:117,0
DA:118,0
DA:119,0
DA:120,0
DA:121,0
DA:122,0
DA:123,0
DA:124,0
DA:125,0
DA:126,0
DA:127,0
DA:128,0
DA:131,0
DA:135,0
DA:136,0
DA:139,0
DA:145,0
DA:146,0
DA:147,0
DA:148,0
DA:152,0
DA:154,0
DA:156,0
DA:157,0
DA:158,0
DA:159,0
DA:160,0
DA:161,0
DA:162,0
DA:163,0
DA:164,0
DA:168,0
DA:169,0
DA:170,0
DA:171,0
DA:172,0
DA:173,0
DA:175,0
DA:179,0
DA:180,0
DA:182,0
DA:183,0
DA:184,0
DA:187,0
DA:188,0
DA:191,0
DA:193,0
DA:194,0
DA:195,0
DA:196,0
DA:197,0
DA:198,0
DA:199,0
DA:200,0
DA:201,0
DA:202,0
DA:203,0
DA:204,0
DA:205,0
DA:208,0
DA:215,0
DA:216,0
DA:218,0
DA:219,0
DA:222,0
DA:223,0
DA:228,0
DA:233,0
DA:234,0
DA:236,0
DA:239,0
DA:245,0
DA:250,0
DA:251,0
DA:253,0
DA:256,0
DA:262,0
DA:263,0
DA:264,0
DA:271,0
DA:272,0
DA:277,0
DA:278,0
DA:282,0
DA:288,0
DA:293,0
DA:296,0
DA:299,0
DA:302,0
DA:305,0
DA:312,0
DA:317,0
DA:318,0
DA:321,0
DA:322,0
DA:323,0
DA:326,0
DA:327,0
DA:329,0
DA:333,0
DA:334,0
DA:335,0
DA:336,0
DA:340,0
DA:345,0
DA:346,0
DA:347,0
DA:348,0
DA:349,0
DA:351,0
DA:352,0
DA:355,0
DA:356,0
DA:358,0
DA:360,0
DA:361,0
DA:362,0
DA:363,0
DA:364,0
DA:366,0
DA:367,0
DA:368,0
DA:370,0
DA:371,0
DA:372,0
DA:373,0
DA:375,0
DA:376,0
DA:377,0
DA:382,0
DA:383,0
DA:384,0
DA:385,0
DA:387,0
DA:388,0
DA:391,0
DA:394,0
DA:395,0
DA:396,0
DA:398,0
DA:399,0
DA:402,0
DA:405,0
DA:406,0
DA:407,0
DA:408,0
DA:409,0
DA:411,0
DA:412,0
DA:413,0
DA:417,0
DA:418,0
DA:419,0
DA:420,0
DA:421,0
DA:422,0
DA:424,0
DA:425,0
DA:426,0
DA:431,0
DA:435,0
DA:436,0
DA:437,0
DA:438,0
DA:440,0
DA:441,0
DA:444,0
DA:447,0
DA:448,0
DA:449,0
DA:451,0
DA:452,0
DA:455,0
DA:458,0
DA:459,0
DA:460,0
DA:461,0
DA:462,0
DA:464,0
DA:465,0
DA:466,0
DA:470,0
DA:471,0
DA:472,0
DA:473,0
DA:474,0
DA:475,0
DA:477,0
DA:478,0
DA:479,0
DA:484,0
DA:489,0
DA:490,0
DA:491,0
DA:492,0
DA:494,0
DA:495,0
DA:496,0
DA:497,0
DA:500,0
DA:501,0
DA:502,0
DA:503,0
DA:505,0
DA:507,0
DA:509,0
DA:510,0
DA:511,0
DA:512,0
DA:515,0
DA:516,0
DA:518,0
DA:519,0
DA:520,0
DA:522,0
DA:524,0
DA:525,0
DA:527,0
DA:528,0
DA:529,0
DA:530,0
DA:533,0
DA:534,0
DA:536,0
DA:537,0
DA:538,0
DA:540,0
DA:541,0
DA:542,0
DA:544,0
DA:546,0
DA:548,0
DA:549,0
LF:276
LH:0
end_of_record
SF:lib/mock/mock_conversations.dart
DA:9,0
DA:10,0
DA:12,0
DA:15,0
DA:16,0
DA:18,0
DA:24,0
DA:25,0
DA:29,0
DA:32,0
DA:33,0
DA:35,0
DA:41,0
DA:42,0
DA:46,0
DA:47,0
DA:48,0
DA:50,0
DA:56,0
DA:57,0
DA:61,0
DA:62,0
DA:67,0
DA:69,0
DA:70,0
DA:73,0
DA:74,0
DA:77,0
DA:78,0
LF:29
LH:0
end_of_record
SF:lib/mock/mock_messages.dart
DA:10,0
DA:11,0
DA:13,0
DA:20,0
DA:22,0
DA:24,0
DA:25,0
DA:33,0
DA:34,0
DA:38,0
DA:40,0
DA:42,0
DA:46,0
DA:48,0
DA:51,0
DA:52,0
DA:54,0
DA:58,0
DA:65,0
DA:68,0
DA:69,0
DA:73,0
DA:77,0
DA:78,0
DA:79,0
DA:82,0
DA:83,0
DA:85,0
DA:86,0
DA:89,0
DA:101,0
DA:102,0
DA:104,0
DA:107,0
DA:111,0
DA:114,0
DA:119,0
DA:120,0
DA:124,0
DA:126,0
DA:128,0
DA:129,0
DA:137,0
DA:138,0
DA:142,0
DA:144,0
DA:147,0
DA:151,0
DA:153,0
DA:156,0
DA:157,0
DA:159,0
DA:163,0
DA:170,0
DA:173,0
DA:174,0
DA:178,0
DA:182,0
DA:183,0
DA:184,0
DA:187,0
DA:188,0
DA:190,0
DA:191,0
DA:194,0
DA:206,0
DA:207,0
DA:209,0
DA:212,0
DA:216,0
DA:219,0
DA:224,0
DA:225,0
DA:229,0
DA:231,0
DA:233,0
DA:234,0
DA:239,0
DA:240,0
DA:242,0
DA:247,0
DA:250,0
DA:251,0
DA:255,0
DA:258,0
DA:259,0
DA:261,0
DA:262,0
DA:265,0
DA:275,0
DA:276,0
DA:282,0
DA:283,0
DA:286,0
DA:291,0
DA:292,0
DA:294,0
DA:295,0
DA:298,0
DA:301,0
DA:302,0
DA:307,5
DA:314,0
DA:316,0
DA:317,0
DA:320,0
DA:321,0
DA:324,0
DA:325,0
DA:333,0
DA:335,0
DA:387,0
DA:433,0
DA:493,0
DA:495,0
DA:538,0
DA:580,0
DA:630,0
DA:632,0
DA:661,0
DA:690,0
LF:121
LH:1
end_of_record
SF:lib/mock/mock_users.dart
DA:9,0
DA:10,0
DA:12,0
DA:22,0
DA:23,0
DA:26,0
DA:27,0
DA:28,0
DA:29,0
DA:30,0
DA:32,0
DA:37,0
DA:38,0
DA:46,0
DA:47,0
DA:55,0
DA:56,0
DA:59,0
DA:65,0
DA:66,0
DA:67,0
DA:68,0
DA:70,0
DA:72,0
DA:76,0
DA:77,0
DA:78,0
DA:79,0
DA:82,0
DA:83,0
DA:84,0
DA:85,0
DA:87,0
DA:92,0
DA:94,0
DA:95,0
DA:98,0
DA:99,0
DA:102,0
DA:103,0
LF:40
LH:0
end_of_record
SF:lib/mock/mock_unified_search_helper.dart
DA:5,0
DA:10,0
DA:11,0
DA:12,0
DA:14,0
DA:17,0
DA:22,0
DA:23,0
DA:24,0
DA:26,0
DA:29,0
DA:30,0
DA:31,0
DA:32,0
DA:33,0
DA:34,0
DA:35,0
DA:36,0
DA:39,0
DA:40,0
DA:41,0
DA:42,0
DA:43,0
DA:46,0
DA:50,0
DA:51,0
DA:52,0
DA:56,0
DA:61,0
DA:62,0
DA:65,0
DA:66,0
DA:67,0
DA:73,0
DA:77,0
DA:78,0
DA:79,0
DA:80,0
DA:84,0
DA:85,0
DA:86,0
DA:87,0
DA:89,0
DA:90,0
DA:91,0
DA:92,0
DA:97,0
DA:98,0
DA:100,0
DA:102,0
DA:106,0
DA:109,0
DA:113,0
DA:114,0
DA:115,0
DA:119,0
DA:124,0
DA:125,0
DA:128,0
DA:129,0
DA:130,0
DA:136,0
DA:140,0
DA:141,0
DA:142,0
DA:146,0
DA:147,0
DA:149,0
DA:150,0
LF:69
LH:0
end_of_record
SF:lib/uikit/buttons/tile_button.dart
DA:5,0
DA:18,0
DA:20,0
DA:22,0
DA:24,0
DA:25,0
DA:27,0
DA:29,0
DA:30,0
DA:32,0
DA:33,0
DA:39,0
DA:40,0
DA:41,0
DA:42,0
DA:44,0
DA:45,0
DA:46,0
DA:56,0
DA:69,0
DA:71,0
DA:72,0
DA:74,0
DA:76,0
DA:77,0
DA:78,0
DA:79,0
DA:81,0
DA:82,0
DA:83,0
DA:85,0
DA:86,0
DA:88,0
DA:89,0
DA:90,0
DA:91,0
DA:92,0
DA:97,0
DA:98,0
DA:99,0
DA:100,0
DA:109,0
LF:42
LH:0
end_of_record
SF:lib/uikit/buttons/chip_button.dart
DA:5,0
DA:40,0
DA:42,0
DA:43,0
DA:46,0
DA:49,0
DA:52,0
DA:54,0
DA:57,0
DA:59,0
DA:60,0
DA:62,0
DA:63,0
DA:64,0
DA:65,0
DA:66,0
DA:70,0
DA:73,0
DA:80,0
DA:82,0
DA:83,0
DA:84,0
DA:86,0
DA:87,0
DA:88,0
DA:89,0
DA:92,0
LF:27
LH:0
end_of_record
SF:lib/uikit/buttons/icon_buttons.dart
DA:5,0
DA:26,0
DA:28,0
DA:30,0
DA:32,0
DA:34,0
DA:35,0
DA:36,0
DA:39,0
DA:40,0
DA:41,0
DA:42,0
DA:43,0
DA:46,0
DA:47,0
DA:48,0
DA:49,0
LF:17
LH:0
end_of_record
SF:lib/uikit/buttons/primary_button.dart
DA:5,0
DA:30,0
DA:32,0
DA:33,0
DA:35,0
DA:36,0
DA:37,0
DA:39,0
DA:40,0
DA:41,0
DA:42,0
DA:43,0
DA:45,0
DA:46,0
DA:47,0
DA:49,0
DA:52,0
DA:53,0
DA:57,0
DA:58,0
DA:62,0
DA:64,0
DA:65,0
DA:69,0
DA:71,0
DA:73,0
DA:76,0
LF:27
LH:0
end_of_record
SF:lib/uikit/colors/app_color_sheme.dart
DA:5,0
DA:44,5
DA:95,5
DA:181,0
DA:220,0
DA:221,0
DA:222,0
DA:223,0
DA:224,0
DA:225,0
DA:226,0
DA:227,0
DA:228,0
DA:229,0
DA:230,0
DA:231,0
DA:232,0
DA:233,0
DA:234,0
DA:235,0
DA:236,0
DA:237,0
DA:238,0
DA:239,0
DA:240,0
DA:242,0
DA:243,0
DA:244,0
DA:245,0
DA:247,0
DA:248,0
DA:249,0
DA:250,0
DA:251,0
DA:252,0
DA:253,0
DA:254,0
DA:255,0
DA:256,0
DA:257,0
DA:258,0
DA:262,0
DA:267,0
DA:271,0
DA:272,0
DA:273,0
DA:274,0
DA:275,0
DA:276,0
DA:279,0
DA:280,0
DA:281,0
DA:284,0
DA:285,0
DA:286,0
DA:287,0
DA:288,0
DA:291,0
DA:292,0
DA:293,0
DA:296,0
DA:297,0
DA:298,0
DA:299,0
DA:300,0
DA:303,0
DA:304,0
DA:305,0
DA:308,0
DA:309,0
DA:310,0
DA:311,0
DA:312,0
DA:313,0
DA:316,0
DA:317,0
DA:318,0
DA:319,0
DA:320,0
DA:321,0
DA:322,0
DA:325,0
DA:326,0
DA:327,0
DA:330,0
DA:331,0
DA:332,0
DA:335,0
DA:336,0
DA:337,0
DA:340,0
DA:341,0
DA:342,0
DA:345,0
DA:346,0
DA:347,0
DA:350,0
DA:351,0
DA:352,0
DA:353,0
DA:354,0
DA:355,0
DA:356,0
DA:357,0
DA:360,0
DA:361,0
DA:362,0
DA:363,0
DA:367,0
DA:368,0
DA:369,0
DA:372,0
DA:373,0
LF:113
LH:2
end_of_record
SF:lib/uikit/dialogs/alert_dialog.dart
DA:7,0
DA:18,0
DA:21,0
DA:24,0
DA:25,0
DA:29,0
DA:32,0
DA:33,0
DA:34,0
DA:39,0
LF:10
LH:0
end_of_record
SF:lib/uikit/dialogs/alert_dialog_action.dart
DA:7,0
DA:32,0
DA:36,0
DA:39,0
DA:40,0
DA:41,0
DA:42,0
DA:43,0
DA:47,0
DA:48,0
DA:50,0
DA:51,0
DA:53,0
DA:54,0
DA:55,0
DA:57,0
DA:60,0
LF:17
LH:0
end_of_record
SF:lib/uikit/text/app_text_sheme.dart
DA:5,0
DA:6,0
DA:7,0
DA:8,0
DA:10,0
DA:19,0
DA:24,0
DA:28,0
DA:29,0
DA:30,0
DA:31,0
DA:35,0
DA:41,0
DA:42,0
DA:43,0
DA:44,0
DA:48,0
DA:49,0
DA:50,0
DA:54,0
DA:55,0
LF:21
LH:0
end_of_record
SF:lib/uikit/text_fields/text_field.dart
DA:6,0
DA:77,0
DA:79,0
DA:80,0
DA:83,0
DA:86,0
DA:88,0
DA:91,0
DA:94,0
DA:97,0
DA:98,0
DA:101,0
DA:103,0
DA:104,0
DA:105,0
DA:106,0
DA:107,0
DA:108,0
DA:109,0
DA:111,0
DA:112,0
DA:113,0
DA:115,0
DA:116,0
DA:122,0
DA:123,0
DA:125,0
DA:126,0
DA:129,0
DA:130,0
DA:135,0
DA:136,0
DA:137,0
DA:141,0
DA:144,0
DA:145,0
DA:146,0
DA:150,0
DA:154,0
DA:155,0
DA:156,0
DA:159,0
DA:160,0
DA:161,0
DA:162,0
DA:163,0
DA:165,0
DA:166,0
DA:167,0
DA:171,0
DA:172,0
DA:173,0
DA:178,0
DA:179,0
DA:180,0
DA:182,0
DA:184,0
DA:186,0
DA:188,0
DA:190,0
DA:192,0
DA:194,0
DA:196,0
DA:198,0
DA:205,0
DA:207,0
DA:208,0
DA:212,0
DA:216,0
DA:220,0
DA:221,0
DA:223,0
LF:72
LH:0
end_of_record
SF:lib/uikit/themes/app_theme_data.dart
DA:5,0
DA:14,0
DA:15,0
DA:16,0
DA:18,0
DA:20,0
DA:21,0
DA:22,0
DA:23,0
DA:24,0
DA:25,0
DA:26,0
DA:27,0
DA:28,0
DA:30,0
DA:31,0
DA:32,0
DA:35,0
DA:36,0
DA:40,0
DA:41,0
DA:42,0
DA:43,0
DA:45,0
DA:46,0
DA:47,0
DA:49,0
DA:50,0
DA:51,0
DA:53,0
DA:55,0
DA:57,0
DA:63,0
DA:64,0
DA:65,0
DA:67,0
DA:69,0
DA:70,0
DA:71,0
DA:72,0
DA:73,0
DA:74,0
DA:75,0
DA:76,0
DA:77,0
DA:79,0
DA:80,0
DA:81,0
DA:84,0
DA:85,0
DA:86,0
DA:87,0
DA:89,0
DA:90,0
DA:91,0
DA:93,0
DA:94,0
DA:95,0
DA:97,0
DA:99,0
DA:101,0
LF:61
LH:0
end_of_record
